{"C:\\Users\\duvan\\BACKEND\\servidor\\controllers\\adminController.js": {"path":"C:\\Users\\duvan\\BACKEND\\servidor\\controllers\\adminController.js","statementMap":{"0":{"start":{"line":6,"column":21},"end":{"line":19,"column":1}},"1":{"start":{"line":7,"column":16},"end":{"line":7,"column":18}},"2":{"start":{"line":8,"column":4},"end":{"line":8,"column":84}},"3":{"start":{"line":8,"column":42},"end":{"line":8,"column":84}},"4":{"start":{"line":9,"column":4},"end":{"line":9,"column":87}},"5":{"start":{"line":9,"column":43},"end":{"line":9,"column":87}},"6":{"start":{"line":10,"column":4},"end":{"line":10,"column":54}},"7":{"start":{"line":10,"column":32},"end":{"line":10,"column":54}},"8":{"start":{"line":11,"column":4},"end":{"line":11,"column":57}},"9":{"start":{"line":11,"column":33},"end":{"line":11,"column":57}},"10":{"start":{"line":12,"column":4},"end":{"line":12,"column":60}},"11":{"start":{"line":12,"column":34},"end":{"line":12,"column":60}},"12":{"start":{"line":13,"column":4},"end":{"line":13,"column":54}},"13":{"start":{"line":13,"column":32},"end":{"line":13,"column":54}},"14":{"start":{"line":14,"column":4},"end":{"line":14,"column":60}},"15":{"start":{"line":14,"column":34},"end":{"line":14,"column":60}},"16":{"start":{"line":16,"column":4},"end":{"line":16,"column":19}},"17":{"start":{"line":17,"column":4},"end":{"line":17,"column":26}},"18":{"start":{"line":18,"column":4},"end":{"line":18,"column":15}},"19":{"start":{"line":22,"column":26},"end":{"line":53,"column":1}},"20":{"start":{"line":23,"column":36},"end":{"line":23,"column":44}},"21":{"start":{"line":24,"column":4},"end":{"line":52,"column":5}},"22":{"start":{"line":26,"column":21},"end":{"line":26,"column":89}},"23":{"start":{"line":27,"column":8},"end":{"line":29,"column":9}},"24":{"start":{"line":28,"column":12},"end":{"line":28,"column":95}},"25":{"start":{"line":31,"column":25},"end":{"line":31,"column":72}},"26":{"start":{"line":32,"column":8},"end":{"line":34,"column":9}},"27":{"start":{"line":33,"column":12},"end":{"line":33,"column":95}},"28":{"start":{"line":37,"column":46},"end":{"line":37,"column":65}},"29":{"start":{"line":40,"column":8},"end":{"line":40,"column":49}},"30":{"start":{"line":42,"column":8},"end":{"line":48,"column":11}},"31":{"start":{"line":50,"column":8},"end":{"line":50,"column":51}},"32":{"start":{"line":51,"column":8},"end":{"line":51,"column":88}},"33":{"start":{"line":55,"column":29},"end":{"line":62,"column":1}},"34":{"start":{"line":56,"column":4},"end":{"line":61,"column":5}},"35":{"start":{"line":57,"column":22},"end":{"line":57,"column":69}},"36":{"start":{"line":58,"column":8},"end":{"line":58,"column":49}},"37":{"start":{"line":60,"column":8},"end":{"line":60,"column":71}},"38":{"start":{"line":64,"column":33},"end":{"line":75,"column":1}},"39":{"start":{"line":65,"column":19},"end":{"line":65,"column":29}},"40":{"start":{"line":66,"column":4},"end":{"line":74,"column":5}},"41":{"start":{"line":67,"column":21},"end":{"line":67,"column":47}},"42":{"start":{"line":68,"column":8},"end":{"line":70,"column":9}},"43":{"start":{"line":69,"column":12},"end":{"line":69,"column":100}},"44":{"start":{"line":71,"column":8},"end":{"line":71,"column":48}},"45":{"start":{"line":73,"column":8},"end":{"line":73,"column":71}},"46":{"start":{"line":77,"column":26},"end":{"line":98,"column":1}},"47":{"start":{"line":78,"column":4},"end":{"line":97,"column":5}},"48":{"start":{"line":79,"column":28},"end":{"line":79,"column":50}},"49":{"start":{"line":80,"column":8},"end":{"line":80,"column":42}},"50":{"start":{"line":81,"column":24},"end":{"line":81,"column":76}},"51":{"start":{"line":83,"column":8},"end":{"line":89,"column":10}},"52":{"start":{"line":91,"column":8},"end":{"line":91,"column":51}},"53":{"start":{"line":93,"column":8},"end":{"line":95,"column":9}},"54":{"start":{"line":94,"column":12},"end":{"line":94,"column":121}},"55":{"start":{"line":96,"column":8},"end":{"line":96,"column":71}},"56":{"start":{"line":100,"column":31},"end":{"line":125,"column":1}},"57":{"start":{"line":101,"column":15},"end":{"line":101,"column":28}},"58":{"start":{"line":102,"column":4},"end":{"line":124,"column":5}},"59":{"start":{"line":103,"column":28},"end":{"line":103,"column":50}},"60":{"start":{"line":104,"column":8},"end":{"line":104,"column":46}},"61":{"start":{"line":105,"column":33},"end":{"line":105,"column":91}},"62":{"start":{"line":106,"column":8},"end":{"line":108,"column":9}},"63":{"start":{"line":107,"column":12},"end":{"line":107,"column":122}},"64":{"start":{"line":110,"column":8},"end":{"line":116,"column":10}},"65":{"start":{"line":118,"column":8},"end":{"line":118,"column":60}},"66":{"start":{"line":120,"column":8},"end":{"line":122,"column":9}},"67":{"start":{"line":121,"column":12},"end":{"line":121,"column":138}},"68":{"start":{"line":123,"column":8},"end":{"line":123,"column":71}},"69":{"start":{"line":127,"column":29},"end":{"line":148,"column":1}},"70":{"start":{"line":128,"column":19},"end":{"line":128,"column":29}},"71":{"start":{"line":129,"column":4},"end":{"line":147,"column":5}},"72":{"start":{"line":130,"column":21},"end":{"line":130,"column":47}},"73":{"start":{"line":131,"column":8},"end":{"line":133,"column":9}},"74":{"start":{"line":132,"column":12},"end":{"line":132,"column":100}},"75":{"start":{"line":134,"column":8},"end":{"line":134,"column":57}},"76":{"start":{"line":136,"column":8},"end":{"line":142,"column":10}},"77":{"start":{"line":144,"column":8},"end":{"line":144,"column":75}},"78":{"start":{"line":146,"column":8},"end":{"line":146,"column":71}}},"fnMap":{"0":{"name":"(anonymous_0)","decl":{"start":{"line":6,"column":21},"end":{"line":6,"column":22}},"loc":{"start":{"line":6,"column":28},"end":{"line":19,"column":1}},"line":6},"1":{"name":"(anonymous_1)","decl":{"start":{"line":22,"column":26},"end":{"line":22,"column":27}},"loc":{"start":{"line":22,"column":46},"end":{"line":53,"column":1}},"line":22},"2":{"name":"(anonymous_2)","decl":{"start":{"line":55,"column":29},"end":{"line":55,"column":30}},"loc":{"start":{"line":55,"column":49},"end":{"line":62,"column":1}},"line":55},"3":{"name":"(anonymous_3)","decl":{"start":{"line":64,"column":33},"end":{"line":64,"column":34}},"loc":{"start":{"line":64,"column":53},"end":{"line":75,"column":1}},"line":64},"4":{"name":"(anonymous_4)","decl":{"start":{"line":77,"column":26},"end":{"line":77,"column":27}},"loc":{"start":{"line":77,"column":46},"end":{"line":98,"column":1}},"line":77},"5":{"name":"(anonymous_5)","decl":{"start":{"line":100,"column":31},"end":{"line":100,"column":32}},"loc":{"start":{"line":100,"column":51},"end":{"line":125,"column":1}},"line":100},"6":{"name":"(anonymous_6)","decl":{"start":{"line":127,"column":29},"end":{"line":127,"column":30}},"loc":{"start":{"line":127,"column":49},"end":{"line":148,"column":1}},"line":127}},"branchMap":{"0":{"loc":{"start":{"line":8,"column":4},"end":{"line":8,"column":84}},"type":"if","locations":[{"start":{"line":8,"column":4},"end":{"line":8,"column":84}},{"start":{},"end":{}}],"line":8},"1":{"loc":{"start":{"line":9,"column":4},"end":{"line":9,"column":87}},"type":"if","locations":[{"start":{"line":9,"column":4},"end":{"line":9,"column":87}},{"start":{},"end":{}}],"line":9},"2":{"loc":{"start":{"line":10,"column":4},"end":{"line":10,"column":54}},"type":"if","locations":[{"start":{"line":10,"column":4},"end":{"line":10,"column":54}},{"start":{},"end":{}}],"line":10},"3":{"loc":{"start":{"line":11,"column":4},"end":{"line":11,"column":57}},"type":"if","locations":[{"start":{"line":11,"column":4},"end":{"line":11,"column":57}},{"start":{},"end":{}}],"line":11},"4":{"loc":{"start":{"line":12,"column":4},"end":{"line":12,"column":60}},"type":"if","locations":[{"start":{"line":12,"column":4},"end":{"line":12,"column":60}},{"start":{},"end":{}}],"line":12},"5":{"loc":{"start":{"line":13,"column":4},"end":{"line":13,"column":54}},"type":"if","locations":[{"start":{"line":13,"column":4},"end":{"line":13,"column":54}},{"start":{},"end":{}}],"line":13},"6":{"loc":{"start":{"line":14,"column":4},"end":{"line":14,"column":60}},"type":"if","locations":[{"start":{"line":14,"column":4},"end":{"line":14,"column":60}},{"start":{},"end":{}}],"line":14},"7":{"loc":{"start":{"line":27,"column":8},"end":{"line":29,"column":9}},"type":"if","locations":[{"start":{"line":27,"column":8},"end":{"line":29,"column":9}},{"start":{},"end":{}}],"line":27},"8":{"loc":{"start":{"line":32,"column":8},"end":{"line":34,"column":9}},"type":"if","locations":[{"start":{"line":32,"column":8},"end":{"line":34,"column":9}},{"start":{},"end":{}}],"line":32},"9":{"loc":{"start":{"line":68,"column":8},"end":{"line":70,"column":9}},"type":"if","locations":[{"start":{"line":68,"column":8},"end":{"line":70,"column":9}},{"start":{},"end":{}}],"line":68},"10":{"loc":{"start":{"line":68,"column":12},"end":{"line":68,"column":38}},"type":"binary-expr","locations":[{"start":{"line":68,"column":12},"end":{"line":68,"column":17}},{"start":{"line":68,"column":21},"end":{"line":68,"column":38}}],"line":68},"11":{"loc":{"start":{"line":84,"column":12},"end":{"line":84,"column":37}},"type":"binary-expr","locations":[{"start":{"line":84,"column":12},"end":{"line":84,"column":32}},{"start":{"line":84,"column":36},"end":{"line":84,"column":37}}],"line":84},"12":{"loc":{"start":{"line":93,"column":8},"end":{"line":95,"column":9}},"type":"if","locations":[{"start":{"line":93,"column":8},"end":{"line":95,"column":9}},{"start":{},"end":{}}],"line":93},"13":{"loc":{"start":{"line":105,"column":56},"end":{"line":105,"column":90}},"type":"binary-expr","locations":[{"start":{"line":105,"column":56},"end":{"line":105,"column":84}},{"start":{"line":105,"column":88},"end":{"line":105,"column":90}}],"line":105},"14":{"loc":{"start":{"line":106,"column":8},"end":{"line":108,"column":9}},"type":"if","locations":[{"start":{"line":106,"column":8},"end":{"line":108,"column":9}},{"start":{},"end":{}}],"line":106},"15":{"loc":{"start":{"line":106,"column":12},"end":{"line":106,"column":62}},"type":"binary-expr","locations":[{"start":{"line":106,"column":12},"end":{"line":106,"column":29}},{"start":{"line":106,"column":33},"end":{"line":106,"column":62}}],"line":106},"16":{"loc":{"start":{"line":111,"column":12},"end":{"line":111,"column":37}},"type":"binary-expr","locations":[{"start":{"line":111,"column":12},"end":{"line":111,"column":32}},{"start":{"line":111,"column":36},"end":{"line":111,"column":37}}],"line":111},"17":{"loc":{"start":{"line":120,"column":8},"end":{"line":122,"column":9}},"type":"if","locations":[{"start":{"line":120,"column":8},"end":{"line":122,"column":9}},{"start":{},"end":{}}],"line":120},"18":{"loc":{"start":{"line":131,"column":8},"end":{"line":133,"column":9}},"type":"if","locations":[{"start":{"line":131,"column":8},"end":{"line":133,"column":9}},{"start":{},"end":{}}],"line":131},"19":{"loc":{"start":{"line":131,"column":12},"end":{"line":131,"column":38}},"type":"binary-expr","locations":[{"start":{"line":131,"column":12},"end":{"line":131,"column":17}},{"start":{"line":131,"column":21},"end":{"line":131,"column":38}}],"line":131},"20":{"loc":{"start":{"line":137,"column":12},"end":{"line":137,"column":37}},"type":"binary-expr","locations":[{"start":{"line":137,"column":12},"end":{"line":137,"column":32}},{"start":{"line":137,"column":36},"end":{"line":137,"column":37}}],"line":137}},"s":{"0":6,"1":17,"2":17,"3":15,"4":17,"5":1,"6":17,"7":16,"8":17,"9":9,"10":17,"11":8,"12":17,"13":11,"14":17,"15":2,"16":17,"17":17,"18":17,"19":6,"20":9,"21":9,"22":9,"23":7,"24":2,"25":5,"26":4,"27":1,"28":3,"29":2,"30":2,"31":4,"32":4,"33":6,"34":4,"35":4,"36":2,"37":2,"38":6,"39":6,"40":6,"41":6,"42":4,"43":3,"44":1,"45":2,"46":6,"47":8,"48":8,"49":8,"50":5,"51":4,"52":3,"53":5,"54":2,"55":3,"56":6,"57":9,"58":9,"59":9,"60":9,"61":7,"62":6,"63":2,"64":4,"65":3,"66":4,"67":1,"68":3,"69":6,"70":9,"71":9,"72":9,"73":8,"74":3,"75":5,"76":4,"77":3,"78":3},"f":{"0":17,"1":9,"2":4,"3":6,"4":8,"5":9,"6":9},"b":{"0":[15,2],"1":[1,16],"2":[16,1],"3":[9,8],"4":[8,9],"5":[11,6],"6":[2,15],"7":[2,5],"8":[1,3],"9":[3,1],"10":[4,3],"11":[4,1],"12":[2,3],"13":[7,1],"14":[2,4],"15":[6,5],"16":[4,1],"17":[1,3],"18":[3,5],"19":[8,7],"20":[4,1]},"_coverageSchema":"1a1c01bbd47fc00a2c39e90264f33305004495a9","hash":"9913c0c9ac44f349960f145d848d690789cac5e8"}
,"C:\\Users\\duvan\\BACKEND\\servidor\\controllers\\categoriasController.js": {"path":"C:\\Users\\duvan\\BACKEND\\servidor\\controllers\\categoriasController.js","statementMap":{"0":{"start":{"line":8,"column":33},"end":{"line":16,"column":1}},"1":{"start":{"line":9,"column":4},"end":{"line":15,"column":5}},"2":{"start":{"line":10,"column":27},"end":{"line":10,"column":52}},"3":{"start":{"line":11,"column":8},"end":{"line":11,"column":54}},"4":{"start":{"line":13,"column":8},"end":{"line":13,"column":61}},"5":{"start":{"line":14,"column":8},"end":{"line":14,"column":71}},"6":{"start":{"line":21,"column":37},"end":{"line":33,"column":1}},"7":{"start":{"line":22,"column":19},"end":{"line":22,"column":29}},"8":{"start":{"line":23,"column":4},"end":{"line":32,"column":5}},"9":{"start":{"line":24,"column":26},"end":{"line":24,"column":54}},"10":{"start":{"line":25,"column":8},"end":{"line":27,"column":9}},"11":{"start":{"line":26,"column":12},"end":{"line":26,"column":96}},"12":{"start":{"line":28,"column":8},"end":{"line":28,"column":53}},"13":{"start":{"line":30,"column":8},"end":{"line":30,"column":67}},"14":{"start":{"line":31,"column":8},"end":{"line":31,"column":71}},"15":{"start":{"line":38,"column":40},"end":{"line":47,"column":1}},"16":{"start":{"line":39,"column":21},"end":{"line":39,"column":31}},"17":{"start":{"line":40,"column":4},"end":{"line":46,"column":5}},"18":{"start":{"line":41,"column":27},"end":{"line":41,"column":59}},"19":{"start":{"line":42,"column":8},"end":{"line":42,"column":54}},"20":{"start":{"line":44,"column":8},"end":{"line":44,"column":70}},"21":{"start":{"line":45,"column":8},"end":{"line":45,"column":71}},"22":{"start":{"line":52,"column":30},"end":{"line":72,"column":1}},"23":{"start":{"line":53,"column":4},"end":{"line":71,"column":5}},"24":{"start":{"line":54,"column":31},"end":{"line":54,"column":63}},"25":{"start":{"line":56,"column":8},"end":{"line":62,"column":10}},"26":{"start":{"line":64,"column":8},"end":{"line":64,"column":70}},"27":{"start":{"line":66,"column":8},"end":{"line":68,"column":9}},"28":{"start":{"line":67,"column":12},"end":{"line":67,"column":108}},"29":{"start":{"line":69,"column":8},"end":{"line":69,"column":58}},"30":{"start":{"line":70,"column":8},"end":{"line":70,"column":71}},"31":{"start":{"line":77,"column":35},"end":{"line":101,"column":1}},"32":{"start":{"line":78,"column":19},"end":{"line":78,"column":29}},"33":{"start":{"line":79,"column":4},"end":{"line":100,"column":5}},"34":{"start":{"line":80,"column":26},"end":{"line":80,"column":62}},"35":{"start":{"line":81,"column":8},"end":{"line":83,"column":9}},"36":{"start":{"line":82,"column":12},"end":{"line":82,"column":96}},"37":{"start":{"line":85,"column":8},"end":{"line":91,"column":10}},"38":{"start":{"line":93,"column":8},"end":{"line":93,"column":84}},"39":{"start":{"line":95,"column":8},"end":{"line":97,"column":9}},"40":{"start":{"line":96,"column":12},"end":{"line":96,"column":108}},"41":{"start":{"line":98,"column":8},"end":{"line":98,"column":63}},"42":{"start":{"line":99,"column":8},"end":{"line":99,"column":71}},"43":{"start":{"line":106,"column":33},"end":{"line":145,"column":1}},"44":{"start":{"line":107,"column":19},"end":{"line":107,"column":29}},"45":{"start":{"line":108,"column":18},"end":{"line":108,"column":44}},"46":{"start":{"line":110,"column":4},"end":{"line":144,"column":5}},"47":{"start":{"line":111,"column":8},"end":{"line":120,"column":9}},"48":{"start":{"line":112,"column":25},"end":{"line":112,"column":62}},"49":{"start":{"line":113,"column":12},"end":{"line":119,"column":13}},"50":{"start":{"line":114,"column":16},"end":{"line":118,"column":19}},"51":{"start":{"line":122,"column":26},"end":{"line":122,"column":52}},"52":{"start":{"line":123,"column":8},"end":{"line":125,"column":9}},"53":{"start":{"line":124,"column":12},"end":{"line":124,"column":96}},"54":{"start":{"line":127,"column":8},"end":{"line":130,"column":9}},"55":{"start":{"line":128,"column":12},"end":{"line":128,"column":102}},"56":{"start":{"line":129,"column":12},"end":{"line":129,"column":102}},"57":{"start":{"line":132,"column":8},"end":{"line":138,"column":10}},"58":{"start":{"line":140,"column":8},"end":{"line":140,"column":85}},"59":{"start":{"line":142,"column":8},"end":{"line":142,"column":64}},"60":{"start":{"line":143,"column":8},"end":{"line":143,"column":71}},"61":{"start":{"line":150,"column":34},"end":{"line":167,"column":1}},"62":{"start":{"line":151,"column":19},"end":{"line":151,"column":29}},"63":{"start":{"line":152,"column":4},"end":{"line":166,"column":5}},"64":{"start":{"line":153,"column":26},"end":{"line":153,"column":53}},"65":{"start":{"line":154,"column":8},"end":{"line":156,"column":9}},"66":{"start":{"line":155,"column":12},"end":{"line":155,"column":96}},"67":{"start":{"line":159,"column":8},"end":{"line":159,"column":96}},"68":{"start":{"line":160,"column":8},"end":{"line":160,"column":96}},"69":{"start":{"line":162,"column":8},"end":{"line":162,"column":83}},"70":{"start":{"line":164,"column":8},"end":{"line":164,"column":62}},"71":{"start":{"line":165,"column":8},"end":{"line":165,"column":71}}},"fnMap":{"0":{"name":"(anonymous_0)","decl":{"start":{"line":8,"column":33},"end":{"line":8,"column":34}},"loc":{"start":{"line":8,"column":53},"end":{"line":16,"column":1}},"line":8},"1":{"name":"(anonymous_1)","decl":{"start":{"line":21,"column":37},"end":{"line":21,"column":38}},"loc":{"start":{"line":21,"column":57},"end":{"line":33,"column":1}},"line":21},"2":{"name":"(anonymous_2)","decl":{"start":{"line":38,"column":40},"end":{"line":38,"column":41}},"loc":{"start":{"line":38,"column":60},"end":{"line":47,"column":1}},"line":38},"3":{"name":"(anonymous_3)","decl":{"start":{"line":52,"column":30},"end":{"line":52,"column":31}},"loc":{"start":{"line":52,"column":50},"end":{"line":72,"column":1}},"line":52},"4":{"name":"(anonymous_4)","decl":{"start":{"line":77,"column":35},"end":{"line":77,"column":36}},"loc":{"start":{"line":77,"column":55},"end":{"line":101,"column":1}},"line":77},"5":{"name":"(anonymous_5)","decl":{"start":{"line":106,"column":33},"end":{"line":106,"column":34}},"loc":{"start":{"line":106,"column":53},"end":{"line":145,"column":1}},"line":106},"6":{"name":"(anonymous_6)","decl":{"start":{"line":150,"column":34},"end":{"line":150,"column":35}},"loc":{"start":{"line":150,"column":54},"end":{"line":167,"column":1}},"line":150}},"branchMap":{"0":{"loc":{"start":{"line":25,"column":8},"end":{"line":27,"column":9}},"type":"if","locations":[{"start":{"line":25,"column":8},"end":{"line":27,"column":9}},{"start":{},"end":{}}],"line":25},"1":{"loc":{"start":{"line":57,"column":12},"end":{"line":57,"column":37}},"type":"binary-expr","locations":[{"start":{"line":57,"column":12},"end":{"line":57,"column":32}},{"start":{"line":57,"column":36},"end":{"line":57,"column":37}}],"line":57},"2":{"loc":{"start":{"line":59,"column":12},"end":{"line":59,"column":40}},"type":"binary-expr","locations":[{"start":{"line":59,"column":12},"end":{"line":59,"column":35}},{"start":{"line":59,"column":39},"end":{"line":59,"column":40}}],"line":59},"3":{"loc":{"start":{"line":61,"column":36},"end":{"line":61,"column":60}},"type":"binary-expr","locations":[{"start":{"line":61,"column":36},"end":{"line":61,"column":51}},{"start":{"line":61,"column":55},"end":{"line":61,"column":60}}],"line":61},"4":{"loc":{"start":{"line":66,"column":8},"end":{"line":68,"column":9}},"type":"if","locations":[{"start":{"line":66,"column":8},"end":{"line":68,"column":9}},{"start":{},"end":{}}],"line":66},"5":{"loc":{"start":{"line":81,"column":8},"end":{"line":83,"column":9}},"type":"if","locations":[{"start":{"line":81,"column":8},"end":{"line":83,"column":9}},{"start":{},"end":{}}],"line":81},"6":{"loc":{"start":{"line":86,"column":12},"end":{"line":86,"column":37}},"type":"binary-expr","locations":[{"start":{"line":86,"column":12},"end":{"line":86,"column":32}},{"start":{"line":86,"column":36},"end":{"line":86,"column":37}}],"line":86},"7":{"loc":{"start":{"line":95,"column":8},"end":{"line":97,"column":9}},"type":"if","locations":[{"start":{"line":95,"column":8},"end":{"line":97,"column":9}},{"start":{},"end":{}}],"line":95},"8":{"loc":{"start":{"line":111,"column":8},"end":{"line":120,"column":9}},"type":"if","locations":[{"start":{"line":111,"column":8},"end":{"line":120,"column":9}},{"start":{},"end":{}}],"line":111},"9":{"loc":{"start":{"line":113,"column":12},"end":{"line":119,"column":13}},"type":"if","locations":[{"start":{"line":113,"column":12},"end":{"line":119,"column":13}},{"start":{},"end":{}}],"line":113},"10":{"loc":{"start":{"line":113,"column":16},"end":{"line":113,"column":66}},"type":"binary-expr","locations":[{"start":{"line":113,"column":16},"end":{"line":113,"column":39}},{"start":{"line":113,"column":43},"end":{"line":113,"column":66}}],"line":113},"11":{"loc":{"start":{"line":123,"column":8},"end":{"line":125,"column":9}},"type":"if","locations":[{"start":{"line":123,"column":8},"end":{"line":125,"column":9}},{"start":{},"end":{}}],"line":123},"12":{"loc":{"start":{"line":127,"column":8},"end":{"line":130,"column":9}},"type":"if","locations":[{"start":{"line":127,"column":8},"end":{"line":130,"column":9}},{"start":{},"end":{}}],"line":127},"13":{"loc":{"start":{"line":133,"column":12},"end":{"line":133,"column":37}},"type":"binary-expr","locations":[{"start":{"line":133,"column":12},"end":{"line":133,"column":32}},{"start":{"line":133,"column":36},"end":{"line":133,"column":37}}],"line":133},"14":{"loc":{"start":{"line":154,"column":8},"end":{"line":156,"column":9}},"type":"if","locations":[{"start":{"line":154,"column":8},"end":{"line":156,"column":9}},{"start":{},"end":{}}],"line":154}},"s":{"0":7,"1":3,"2":3,"3":2,"4":1,"5":1,"6":7,"7":3,"8":3,"9":3,"10":2,"11":1,"12":1,"13":1,"14":1,"15":7,"16":3,"17":3,"18":3,"19":2,"20":1,"21":1,"22":7,"23":6,"24":6,"25":4,"26":4,"27":2,"28":1,"29":1,"30":1,"31":7,"32":5,"33":5,"34":5,"35":3,"36":1,"37":2,"38":2,"39":2,"40":1,"41":1,"42":1,"43":7,"44":10,"45":10,"46":10,"47":10,"48":8,"49":7,"50":3,"51":6,"52":5,"53":1,"54":4,"55":2,"56":1,"57":3,"58":3,"59":3,"60":3,"61":7,"62":4,"63":4,"64":4,"65":3,"66":1,"67":2,"68":1,"69":1,"70":2,"71":2},"f":{"0":3,"1":3,"2":3,"3":6,"4":5,"5":10,"6":4},"b":{"0":[1,1],"1":[4,1],"2":[4,1],"3":[4,1],"4":[1,1],"5":[1,2],"6":[2,1],"7":[1,1],"8":[8,2],"9":[3,4],"10":[7,5],"11":[1,4],"12":[2,2],"13":[3,1],"14":[1,2]},"_coverageSchema":"1a1c01bbd47fc00a2c39e90264f33305004495a9","hash":"f6ecb50e571ff944a21952054be3fa42ac54d22a"}
,"C:\\Users\\duvan\\BACKEND\\servidor\\controllers\\clientesController.js": {"path":"C:\\Users\\duvan\\BACKEND\\servidor\\controllers\\clientesController.js","statementMap":{"0":{"start":{"line":7,"column":21},"end":{"line":21,"column":1}},"1":{"start":{"line":8,"column":14},"end":{"line":8,"column":16}},"2":{"start":{"line":9,"column":2},"end":{"line":9,"column":82}},"3":{"start":{"line":9,"column":40},"end":{"line":9,"column":82}},"4":{"start":{"line":10,"column":2},"end":{"line":10,"column":85}},"5":{"start":{"line":10,"column":41},"end":{"line":10,"column":85}},"6":{"start":{"line":11,"column":2},"end":{"line":11,"column":52}},"7":{"start":{"line":11,"column":30},"end":{"line":11,"column":52}},"8":{"start":{"line":12,"column":2},"end":{"line":12,"column":55}},"9":{"start":{"line":12,"column":31},"end":{"line":12,"column":55}},"10":{"start":{"line":13,"column":2},"end":{"line":13,"column":58}},"11":{"start":{"line":13,"column":32},"end":{"line":13,"column":58}},"12":{"start":{"line":14,"column":2},"end":{"line":14,"column":52}},"13":{"start":{"line":14,"column":30},"end":{"line":14,"column":52}},"14":{"start":{"line":15,"column":2},"end":{"line":15,"column":58}},"15":{"start":{"line":15,"column":32},"end":{"line":15,"column":58}},"16":{"start":{"line":16,"column":2},"end":{"line":16,"column":52}},"17":{"start":{"line":16,"column":30},"end":{"line":16,"column":52}},"18":{"start":{"line":18,"column":2},"end":{"line":18,"column":17}},"19":{"start":{"line":19,"column":2},"end":{"line":19,"column":27}},"20":{"start":{"line":20,"column":2},"end":{"line":20,"column":13}},"21":{"start":{"line":24,"column":28},"end":{"line":74,"column":1}},"22":{"start":{"line":25,"column":34},"end":{"line":25,"column":42}},"23":{"start":{"line":28,"column":2},"end":{"line":33,"column":3}},"24":{"start":{"line":29,"column":4},"end":{"line":32,"column":7}},"25":{"start":{"line":35,"column":2},"end":{"line":73,"column":3}},"26":{"start":{"line":37,"column":17},"end":{"line":37,"column":85}},"27":{"start":{"line":38,"column":4},"end":{"line":40,"column":5}},"28":{"start":{"line":39,"column":6},"end":{"line":39,"column":89}},"29":{"start":{"line":42,"column":21},"end":{"line":42,"column":68}},"30":{"start":{"line":43,"column":4},"end":{"line":45,"column":5}},"31":{"start":{"line":44,"column":6},"end":{"line":44,"column":89}},"32":{"start":{"line":47,"column":4},"end":{"line":49,"column":5}},"33":{"start":{"line":48,"column":6},"end":{"line":48,"column":127}},"34":{"start":{"line":50,"column":4},"end":{"line":52,"column":5}},"35":{"start":{"line":51,"column":6},"end":{"line":51,"column":136}},"36":{"start":{"line":53,"column":4},"end":{"line":55,"column":5}},"37":{"start":{"line":54,"column":6},"end":{"line":54,"column":92}},"38":{"start":{"line":58,"column":42},"end":{"line":58,"column":61}},"39":{"start":{"line":61,"column":4},"end":{"line":61,"column":45}},"40":{"start":{"line":63,"column":4},"end":{"line":69,"column":7}},"41":{"start":{"line":71,"column":4},"end":{"line":71,"column":58}},"42":{"start":{"line":72,"column":4},"end":{"line":72,"column":84}},"43":{"start":{"line":76,"column":31},"end":{"line":83,"column":1}},"44":{"start":{"line":77,"column":2},"end":{"line":82,"column":3}},"45":{"start":{"line":78,"column":18},"end":{"line":78,"column":65}},"46":{"start":{"line":79,"column":4},"end":{"line":79,"column":45}},"47":{"start":{"line":81,"column":4},"end":{"line":81,"column":67}},"48":{"start":{"line":85,"column":35},"end":{"line":96,"column":1}},"49":{"start":{"line":86,"column":17},"end":{"line":86,"column":27}},"50":{"start":{"line":87,"column":2},"end":{"line":95,"column":3}},"51":{"start":{"line":88,"column":17},"end":{"line":88,"column":43}},"52":{"start":{"line":89,"column":4},"end":{"line":91,"column":5}},"53":{"start":{"line":90,"column":6},"end":{"line":90,"column":88}},"54":{"start":{"line":92,"column":4},"end":{"line":92,"column":44}},"55":{"start":{"line":94,"column":4},"end":{"line":94,"column":67}},"56":{"start":{"line":98,"column":28},"end":{"line":119,"column":1}},"57":{"start":{"line":99,"column":2},"end":{"line":118,"column":3}},"58":{"start":{"line":100,"column":24},"end":{"line":100,"column":46}},"59":{"start":{"line":101,"column":4},"end":{"line":101,"column":38}},"60":{"start":{"line":102,"column":20},"end":{"line":102,"column":72}},"61":{"start":{"line":104,"column":4},"end":{"line":110,"column":6}},"62":{"start":{"line":112,"column":4},"end":{"line":112,"column":47}},"63":{"start":{"line":114,"column":4},"end":{"line":116,"column":5}},"64":{"start":{"line":115,"column":6},"end":{"line":115,"column":115}},"65":{"start":{"line":117,"column":4},"end":{"line":117,"column":67}},"66":{"start":{"line":121,"column":33},"end":{"line":149,"column":1}},"67":{"start":{"line":122,"column":13},"end":{"line":122,"column":55}},"68":{"start":{"line":123,"column":2},"end":{"line":125,"column":3}},"69":{"start":{"line":124,"column":4},"end":{"line":124,"column":99}},"70":{"start":{"line":126,"column":2},"end":{"line":148,"column":3}},"71":{"start":{"line":127,"column":24},"end":{"line":127,"column":46}},"72":{"start":{"line":128,"column":4},"end":{"line":128,"column":42}},"73":{"start":{"line":129,"column":28},"end":{"line":129,"column":86}},"74":{"start":{"line":130,"column":4},"end":{"line":132,"column":5}},"75":{"start":{"line":131,"column":6},"end":{"line":131,"column":110}},"76":{"start":{"line":134,"column":4},"end":{"line":140,"column":6}},"77":{"start":{"line":142,"column":4},"end":{"line":142,"column":55}},"78":{"start":{"line":144,"column":4},"end":{"line":146,"column":5}},"79":{"start":{"line":145,"column":6},"end":{"line":145,"column":132}},"80":{"start":{"line":147,"column":4},"end":{"line":147,"column":67}},"81":{"start":{"line":151,"column":31},"end":{"line":175,"column":1}},"82":{"start":{"line":152,"column":17},"end":{"line":152,"column":27}},"83":{"start":{"line":153,"column":2},"end":{"line":155,"column":3}},"84":{"start":{"line":154,"column":4},"end":{"line":154,"column":99}},"85":{"start":{"line":156,"column":2},"end":{"line":174,"column":3}},"86":{"start":{"line":157,"column":17},"end":{"line":157,"column":43}},"87":{"start":{"line":158,"column":4},"end":{"line":160,"column":5}},"88":{"start":{"line":159,"column":6},"end":{"line":159,"column":88}},"89":{"start":{"line":161,"column":4},"end":{"line":161,"column":29}},"90":{"start":{"line":163,"column":4},"end":{"line":169,"column":6}},"91":{"start":{"line":171,"column":4},"end":{"line":171,"column":62}},"92":{"start":{"line":173,"column":4},"end":{"line":173,"column":67}},"93":{"start":{"line":177,"column":41},"end":{"line":187,"column":1}},"94":{"start":{"line":178,"column":2},"end":{"line":186,"column":3}},"95":{"start":{"line":179,"column":18},"end":{"line":179,"column":86}},"96":{"start":{"line":180,"column":4},"end":{"line":182,"column":5}},"97":{"start":{"line":181,"column":6},"end":{"line":181,"column":51}},"98":{"start":{"line":183,"column":4},"end":{"line":183,"column":45}},"99":{"start":{"line":185,"column":4},"end":{"line":185,"column":67}},"100":{"start":{"line":189,"column":41},"end":{"line":233,"column":1}},"101":{"start":{"line":190,"column":17},"end":{"line":190,"column":27}},"102":{"start":{"line":191,"column":36},"end":{"line":191,"column":44}},"103":{"start":{"line":193,"column":2},"end":{"line":195,"column":3}},"104":{"start":{"line":194,"column":4},"end":{"line":194,"column":110}},"105":{"start":{"line":197,"column":2},"end":{"line":199,"column":3}},"106":{"start":{"line":198,"column":4},"end":{"line":198,"column":116}},"107":{"start":{"line":201,"column":2},"end":{"line":232,"column":3}},"108":{"start":{"line":202,"column":17},"end":{"line":202,"column":43}},"109":{"start":{"line":203,"column":4},"end":{"line":205,"column":5}},"110":{"start":{"line":204,"column":6},"end":{"line":204,"column":88}},"111":{"start":{"line":207,"column":4},"end":{"line":209,"column":5}},"112":{"start":{"line":208,"column":6},"end":{"line":208,"column":97}},"113":{"start":{"line":211,"column":24},"end":{"line":211,"column":69}},"114":{"start":{"line":213,"column":4},"end":{"line":213,"column":54}},"115":{"start":{"line":215,"column":4},"end":{"line":221,"column":6}},"116":{"start":{"line":224,"column":4},"end":{"line":224,"column":74}},"117":{"start":{"line":226,"column":4},"end":{"line":229,"column":7}},"118":{"start":{"line":231,"column":4},"end":{"line":231,"column":67}}},"fnMap":{"0":{"name":"(anonymous_0)","decl":{"start":{"line":7,"column":21},"end":{"line":7,"column":22}},"loc":{"start":{"line":7,"column":28},"end":{"line":21,"column":1}},"line":7},"1":{"name":"(anonymous_1)","decl":{"start":{"line":24,"column":28},"end":{"line":24,"column":29}},"loc":{"start":{"line":24,"column":48},"end":{"line":74,"column":1}},"line":24},"2":{"name":"(anonymous_2)","decl":{"start":{"line":76,"column":31},"end":{"line":76,"column":32}},"loc":{"start":{"line":76,"column":51},"end":{"line":83,"column":1}},"line":76},"3":{"name":"(anonymous_3)","decl":{"start":{"line":85,"column":35},"end":{"line":85,"column":36}},"loc":{"start":{"line":85,"column":55},"end":{"line":96,"column":1}},"line":85},"4":{"name":"(anonymous_4)","decl":{"start":{"line":98,"column":28},"end":{"line":98,"column":29}},"loc":{"start":{"line":98,"column":48},"end":{"line":119,"column":1}},"line":98},"5":{"name":"(anonymous_5)","decl":{"start":{"line":121,"column":33},"end":{"line":121,"column":34}},"loc":{"start":{"line":121,"column":53},"end":{"line":149,"column":1}},"line":121},"6":{"name":"(anonymous_6)","decl":{"start":{"line":151,"column":31},"end":{"line":151,"column":32}},"loc":{"start":{"line":151,"column":51},"end":{"line":175,"column":1}},"line":151},"7":{"name":"(anonymous_7)","decl":{"start":{"line":177,"column":41},"end":{"line":177,"column":42}},"loc":{"start":{"line":177,"column":61},"end":{"line":187,"column":1}},"line":177},"8":{"name":"(anonymous_8)","decl":{"start":{"line":189,"column":41},"end":{"line":189,"column":42}},"loc":{"start":{"line":189,"column":61},"end":{"line":233,"column":1}},"line":189}},"branchMap":{"0":{"loc":{"start":{"line":9,"column":2},"end":{"line":9,"column":82}},"type":"if","locations":[{"start":{"line":9,"column":2},"end":{"line":9,"column":82}},{"start":{},"end":{}}],"line":9},"1":{"loc":{"start":{"line":10,"column":2},"end":{"line":10,"column":85}},"type":"if","locations":[{"start":{"line":10,"column":2},"end":{"line":10,"column":85}},{"start":{},"end":{}}],"line":10},"2":{"loc":{"start":{"line":11,"column":2},"end":{"line":11,"column":52}},"type":"if","locations":[{"start":{"line":11,"column":2},"end":{"line":11,"column":52}},{"start":{},"end":{}}],"line":11},"3":{"loc":{"start":{"line":12,"column":2},"end":{"line":12,"column":55}},"type":"if","locations":[{"start":{"line":12,"column":2},"end":{"line":12,"column":55}},{"start":{},"end":{}}],"line":12},"4":{"loc":{"start":{"line":13,"column":2},"end":{"line":13,"column":58}},"type":"if","locations":[{"start":{"line":13,"column":2},"end":{"line":13,"column":58}},{"start":{},"end":{}}],"line":13},"5":{"loc":{"start":{"line":14,"column":2},"end":{"line":14,"column":52}},"type":"if","locations":[{"start":{"line":14,"column":2},"end":{"line":14,"column":52}},{"start":{},"end":{}}],"line":14},"6":{"loc":{"start":{"line":15,"column":2},"end":{"line":15,"column":58}},"type":"if","locations":[{"start":{"line":15,"column":2},"end":{"line":15,"column":58}},{"start":{},"end":{}}],"line":15},"7":{"loc":{"start":{"line":16,"column":2},"end":{"line":16,"column":52}},"type":"if","locations":[{"start":{"line":16,"column":2},"end":{"line":16,"column":52}},{"start":{},"end":{}}],"line":16},"8":{"loc":{"start":{"line":28,"column":2},"end":{"line":33,"column":3}},"type":"if","locations":[{"start":{"line":28,"column":2},"end":{"line":33,"column":3}},{"start":{},"end":{}}],"line":28},"9":{"loc":{"start":{"line":28,"column":6},"end":{"line":28,"column":82}},"type":"binary-expr","locations":[{"start":{"line":28,"column":6},"end":{"line":28,"column":14}},{"start":{"line":28,"column":18},"end":{"line":28,"column":29}},{"start":{"line":28,"column":33},"end":{"line":28,"column":54}},{"start":{"line":28,"column":58},"end":{"line":28,"column":82}}],"line":28},"10":{"loc":{"start":{"line":38,"column":4},"end":{"line":40,"column":5}},"type":"if","locations":[{"start":{"line":38,"column":4},"end":{"line":40,"column":5}},{"start":{},"end":{}}],"line":38},"11":{"loc":{"start":{"line":43,"column":4},"end":{"line":45,"column":5}},"type":"if","locations":[{"start":{"line":43,"column":4},"end":{"line":45,"column":5}},{"start":{},"end":{}}],"line":43},"12":{"loc":{"start":{"line":47,"column":4},"end":{"line":49,"column":5}},"type":"if","locations":[{"start":{"line":47,"column":4},"end":{"line":49,"column":5}},{"start":{},"end":{}}],"line":47},"13":{"loc":{"start":{"line":50,"column":4},"end":{"line":52,"column":5}},"type":"if","locations":[{"start":{"line":50,"column":4},"end":{"line":52,"column":5}},{"start":{},"end":{}}],"line":50},"14":{"loc":{"start":{"line":53,"column":4},"end":{"line":55,"column":5}},"type":"if","locations":[{"start":{"line":53,"column":4},"end":{"line":55,"column":5}},{"start":{},"end":{}}],"line":53},"15":{"loc":{"start":{"line":89,"column":4},"end":{"line":91,"column":5}},"type":"if","locations":[{"start":{"line":89,"column":4},"end":{"line":91,"column":5}},{"start":{},"end":{}}],"line":89},"16":{"loc":{"start":{"line":89,"column":8},"end":{"line":89,"column":34}},"type":"binary-expr","locations":[{"start":{"line":89,"column":8},"end":{"line":89,"column":13}},{"start":{"line":89,"column":17},"end":{"line":89,"column":34}}],"line":89},"17":{"loc":{"start":{"line":105,"column":6},"end":{"line":105,"column":31}},"type":"binary-expr","locations":[{"start":{"line":105,"column":6},"end":{"line":105,"column":26}},{"start":{"line":105,"column":30},"end":{"line":105,"column":31}}],"line":105},"18":{"loc":{"start":{"line":114,"column":4},"end":{"line":116,"column":5}},"type":"if","locations":[{"start":{"line":114,"column":4},"end":{"line":116,"column":5}},{"start":{},"end":{}}],"line":114},"19":{"loc":{"start":{"line":122,"column":13},"end":{"line":122,"column":55}},"type":"binary-expr","locations":[{"start":{"line":122,"column":13},"end":{"line":122,"column":26}},{"start":{"line":122,"column":30},"end":{"line":122,"column":55}}],"line":122},"20":{"loc":{"start":{"line":123,"column":2},"end":{"line":125,"column":3}},"type":"if","locations":[{"start":{"line":123,"column":2},"end":{"line":125,"column":3}},{"start":{},"end":{}}],"line":123},"21":{"loc":{"start":{"line":129,"column":51},"end":{"line":129,"column":85}},"type":"binary-expr","locations":[{"start":{"line":129,"column":51},"end":{"line":129,"column":79}},{"start":{"line":129,"column":83},"end":{"line":129,"column":85}}],"line":129},"22":{"loc":{"start":{"line":130,"column":4},"end":{"line":132,"column":5}},"type":"if","locations":[{"start":{"line":130,"column":4},"end":{"line":132,"column":5}},{"start":{},"end":{}}],"line":130},"23":{"loc":{"start":{"line":130,"column":8},"end":{"line":130,"column":56}},"type":"binary-expr","locations":[{"start":{"line":130,"column":8},"end":{"line":130,"column":24}},{"start":{"line":130,"column":28},"end":{"line":130,"column":56}}],"line":130},"24":{"loc":{"start":{"line":135,"column":6},"end":{"line":135,"column":31}},"type":"binary-expr","locations":[{"start":{"line":135,"column":6},"end":{"line":135,"column":26}},{"start":{"line":135,"column":30},"end":{"line":135,"column":31}}],"line":135},"25":{"loc":{"start":{"line":144,"column":4},"end":{"line":146,"column":5}},"type":"if","locations":[{"start":{"line":144,"column":4},"end":{"line":146,"column":5}},{"start":{},"end":{}}],"line":144},"26":{"loc":{"start":{"line":153,"column":2},"end":{"line":155,"column":3}},"type":"if","locations":[{"start":{"line":153,"column":2},"end":{"line":155,"column":3}},{"start":{},"end":{}}],"line":153},"27":{"loc":{"start":{"line":158,"column":4},"end":{"line":160,"column":5}},"type":"if","locations":[{"start":{"line":158,"column":4},"end":{"line":160,"column":5}},{"start":{},"end":{}}],"line":158},"28":{"loc":{"start":{"line":158,"column":8},"end":{"line":158,"column":34}},"type":"binary-expr","locations":[{"start":{"line":158,"column":8},"end":{"line":158,"column":13}},{"start":{"line":158,"column":17},"end":{"line":158,"column":34}}],"line":158},"29":{"loc":{"start":{"line":164,"column":6},"end":{"line":164,"column":31}},"type":"binary-expr","locations":[{"start":{"line":164,"column":6},"end":{"line":164,"column":26}},{"start":{"line":164,"column":30},"end":{"line":164,"column":31}}],"line":164},"30":{"loc":{"start":{"line":180,"column":4},"end":{"line":182,"column":5}},"type":"if","locations":[{"start":{"line":180,"column":4},"end":{"line":182,"column":5}},{"start":{},"end":{}}],"line":180},"31":{"loc":{"start":{"line":193,"column":2},"end":{"line":195,"column":3}},"type":"if","locations":[{"start":{"line":193,"column":2},"end":{"line":195,"column":3}},{"start":{},"end":{}}],"line":193},"32":{"loc":{"start":{"line":193,"column":6},"end":{"line":193,"column":64}},"type":"binary-expr","locations":[{"start":{"line":193,"column":6},"end":{"line":193,"column":13}},{"start":{"line":193,"column":18},"end":{"line":193,"column":38}},{"start":{"line":193,"column":42},"end":{"line":193,"column":63}}],"line":193},"33":{"loc":{"start":{"line":197,"column":2},"end":{"line":199,"column":3}},"type":"if","locations":[{"start":{"line":197,"column":2},"end":{"line":199,"column":3}},{"start":{},"end":{}}],"line":197},"34":{"loc":{"start":{"line":197,"column":6},"end":{"line":197,"column":78}},"type":"binary-expr","locations":[{"start":{"line":197,"column":6},"end":{"line":197,"column":27}},{"start":{"line":197,"column":32},"end":{"line":197,"column":46}},{"start":{"line":197,"column":50},"end":{"line":197,"column":77}}],"line":197},"35":{"loc":{"start":{"line":203,"column":4},"end":{"line":205,"column":5}},"type":"if","locations":[{"start":{"line":203,"column":4},"end":{"line":205,"column":5}},{"start":{},"end":{}}],"line":203},"36":{"loc":{"start":{"line":203,"column":8},"end":{"line":203,"column":34}},"type":"binary-expr","locations":[{"start":{"line":203,"column":8},"end":{"line":203,"column":13}},{"start":{"line":203,"column":17},"end":{"line":203,"column":34}}],"line":203},"37":{"loc":{"start":{"line":207,"column":4},"end":{"line":209,"column":5}},"type":"if","locations":[{"start":{"line":207,"column":4},"end":{"line":209,"column":5}},{"start":{},"end":{}}],"line":207},"38":{"loc":{"start":{"line":211,"column":24},"end":{"line":211,"column":69}},"type":"cond-expr","locations":[{"start":{"line":211,"column":47},"end":{"line":211,"column":55}},{"start":{"line":211,"column":58},"end":{"line":211,"column":69}}],"line":211},"39":{"loc":{"start":{"line":216,"column":6},"end":{"line":216,"column":31}},"type":"binary-expr","locations":[{"start":{"line":216,"column":6},"end":{"line":216,"column":26}},{"start":{"line":216,"column":30},"end":{"line":216,"column":31}}],"line":216},"40":{"loc":{"start":{"line":228,"column":26},"end":{"line":228,"column":87}},"type":"cond-expr","locations":[{"start":{"line":228,"column":63},"end":{"line":228,"column":73}},{"start":{"line":228,"column":76},"end":{"line":228,"column":87}}],"line":228}},"s":{"0":5,"1":10,"2":10,"3":6,"4":10,"5":0,"6":10,"7":10,"8":10,"9":0,"10":10,"11":0,"12":10,"13":2,"14":10,"15":0,"16":10,"17":0,"18":10,"19":10,"20":10,"21":5,"22":0,"23":0,"24":0,"25":0,"26":0,"27":0,"28":0,"29":0,"30":0,"31":0,"32":0,"33":0,"34":0,"35":0,"36":0,"37":0,"38":0,"39":0,"40":0,"41":0,"42":0,"43":5,"44":3,"45":3,"46":2,"47":1,"48":5,"49":4,"50":4,"51":4,"52":3,"53":2,"54":1,"55":1,"56":5,"57":4,"58":4,"59":4,"60":2,"61":2,"62":2,"63":2,"64":1,"65":1,"66":5,"67":7,"68":7,"69":1,"70":6,"71":6,"72":6,"73":4,"74":4,"75":1,"76":3,"77":3,"78":2,"79":1,"80":1,"81":5,"82":6,"83":6,"84":1,"85":5,"86":5,"87":4,"88":2,"89":2,"90":2,"91":2,"92":1,"93":5,"94":0,"95":0,"96":0,"97":0,"98":0,"99":0,"100":5,"101":0,"102":0,"103":0,"104":0,"105":0,"106":0,"107":0,"108":0,"109":0,"110":0,"111":0,"112":0,"113":0,"114":0,"115":0,"116":0,"117":0,"118":0},"f":{"0":10,"1":0,"2":3,"3":4,"4":4,"5":7,"6":6,"7":0,"8":0},"b":{"0":[6,4],"1":[0,10],"2":[10,0],"3":[0,10],"4":[0,10],"5":[2,8],"6":[0,10],"7":[0,10],"8":[0,0],"9":[0,0,0,0],"10":[0,0],"11":[0,0],"12":[0,0],"13":[0,0],"14":[0,0],"15":[2,1],"16":[3,2],"17":[2,1],"18":[1,1],"19":[7,2],"20":[1,6],"21":[4,3],"22":[1,3],"23":[4,3],"24":[3,1],"25":[1,1],"26":[1,5],"27":[2,2],"28":[4,3],"29":[2,1],"30":[0,0],"31":[0,0],"32":[0,0,0],"33":[0,0],"34":[0,0,0],"35":[0,0],"36":[0,0],"37":[0,0],"38":[0,0],"39":[0,0],"40":[0,0]},"_coverageSchema":"1a1c01bbd47fc00a2c39e90264f33305004495a9","hash":"d69d25dc2561449625d917591214ff0fa8aa571c"}
,"C:\\Users\\duvan\\BACKEND\\servidor\\controllers\\comprobanteController.js": {"path":"C:\\Users\\duvan\\BACKEND\\servidor\\controllers\\comprobanteController.js","statementMap":{"0":{"start":{"line":5,"column":35},"end":{"line":13,"column":1}},"1":{"start":{"line":6,"column":4},"end":{"line":12,"column":5}},"2":{"start":{"line":7,"column":29},"end":{"line":7,"column":56}},"3":{"start":{"line":8,"column":8},"end":{"line":8,"column":56}},"4":{"start":{"line":10,"column":8},"end":{"line":10,"column":63}},"5":{"start":{"line":11,"column":8},"end":{"line":11,"column":71}},"6":{"start":{"line":15,"column":39},"end":{"line":27,"column":1}},"7":{"start":{"line":16,"column":19},"end":{"line":16,"column":29}},"8":{"start":{"line":17,"column":4},"end":{"line":26,"column":5}},"9":{"start":{"line":18,"column":28},"end":{"line":18,"column":58}},"10":{"start":{"line":19,"column":8},"end":{"line":21,"column":9}},"11":{"start":{"line":20,"column":12},"end":{"line":20,"column":98}},"12":{"start":{"line":22,"column":8},"end":{"line":22,"column":55}},"13":{"start":{"line":24,"column":8},"end":{"line":24,"column":69}},"14":{"start":{"line":25,"column":8},"end":{"line":25,"column":71}},"15":{"start":{"line":29,"column":32},"end":{"line":46,"column":1}},"16":{"start":{"line":30,"column":4},"end":{"line":45,"column":5}},"17":{"start":{"line":31,"column":33},"end":{"line":31,"column":67}},"18":{"start":{"line":33,"column":8},"end":{"line":39,"column":10}},"19":{"start":{"line":41,"column":8},"end":{"line":41,"column":60}},"20":{"start":{"line":43,"column":8},"end":{"line":43,"column":60}},"21":{"start":{"line":44,"column":8},"end":{"line":44,"column":71}},"22":{"start":{"line":48,"column":37},"end":{"line":66,"column":1}},"23":{"start":{"line":49,"column":19},"end":{"line":49,"column":29}},"24":{"start":{"line":50,"column":4},"end":{"line":65,"column":5}},"25":{"start":{"line":51,"column":39},"end":{"line":51,"column":77}},"26":{"start":{"line":53,"column":8},"end":{"line":59,"column":10}},"27":{"start":{"line":61,"column":8},"end":{"line":61,"column":66}},"28":{"start":{"line":63,"column":8},"end":{"line":63,"column":65}},"29":{"start":{"line":64,"column":8},"end":{"line":64,"column":71}},"30":{"start":{"line":68,"column":35},"end":{"line":86,"column":1}},"31":{"start":{"line":69,"column":19},"end":{"line":69,"column":29}},"32":{"start":{"line":70,"column":4},"end":{"line":85,"column":5}},"33":{"start":{"line":71,"column":8},"end":{"line":71,"column":37}},"34":{"start":{"line":73,"column":8},"end":{"line":79,"column":10}},"35":{"start":{"line":81,"column":8},"end":{"line":81,"column":84}},"36":{"start":{"line":83,"column":8},"end":{"line":83,"column":63}},"37":{"start":{"line":84,"column":8},"end":{"line":84,"column":71}},"38":{"start":{"line":97,"column":46},"end":{"line":188,"column":1}},"39":{"start":{"line":98,"column":4},"end":{"line":187,"column":5}},"40":{"start":{"line":99,"column":30},"end":{"line":99,"column":40}},"41":{"start":{"line":100,"column":32},"end":{"line":100,"column":40}},"42":{"start":{"line":101,"column":24},"end":{"line":101,"column":69}},"43":{"start":{"line":104,"column":30},"end":{"line":107,"column":9}},"44":{"start":{"line":109,"column":8},"end":{"line":111,"column":9}},"45":{"start":{"line":110,"column":12},"end":{"line":110,"column":94}},"46":{"start":{"line":113,"column":28},"end":{"line":113,"column":42}},"47":{"start":{"line":116,"column":28},"end":{"line":119,"column":9}},"48":{"start":{"line":121,"column":8},"end":{"line":123,"column":9}},"49":{"start":{"line":122,"column":12},"end":{"line":122,"column":113}},"50":{"start":{"line":126,"column":28},"end":{"line":129,"column":9}},"51":{"start":{"line":130,"column":25},"end":{"line":130,"column":61}},"52":{"start":{"line":131,"column":27},"end":{"line":131,"column":35}},"53":{"start":{"line":134,"column":28},"end":{"line":137,"column":9}},"54":{"start":{"line":139,"column":8},"end":{"line":145,"column":9}},"55":{"start":{"line":140,"column":12},"end":{"line":144,"column":15}},"56":{"start":{"line":148,"column":22},"end":{"line":148,"column":32}},"57":{"start":{"line":149,"column":25},"end":{"line":149,"column":75}},"58":{"start":{"line":150,"column":28},"end":{"line":150,"column":89}},"59":{"start":{"line":151,"column":26},"end":{"line":151,"column":81}},"60":{"start":{"line":152,"column":34},"end":{"line":152,"column":65}},"61":{"start":{"line":155,"column":32},"end":{"line":155,"column":57}},"62":{"start":{"line":157,"column":25},"end":{"line":161,"column":9}},"63":{"start":{"line":164,"column":8},"end":{"line":170,"column":10}},"64":{"start":{"line":172,"column":8},"end":{"line":183,"column":11}},"65":{"start":{"line":185,"column":8},"end":{"line":185,"column":76}},"66":{"start":{"line":186,"column":8},"end":{"line":186,"column":73}},"67":{"start":{"line":197,"column":38},"end":{"line":223,"column":1}},"68":{"start":{"line":198,"column":4},"end":{"line":222,"column":5}},"69":{"start":{"line":199,"column":26},"end":{"line":199,"column":71}},"70":{"start":{"line":201,"column":8},"end":{"line":203,"column":9}},"71":{"start":{"line":202,"column":12},"end":{"line":202,"column":87}},"72":{"start":{"line":205,"column":23},"end":{"line":216,"column":9}},"73":{"start":{"line":218,"column":8},"end":{"line":218,"column":48}},"74":{"start":{"line":220,"column":8},"end":{"line":220,"column":75}},"75":{"start":{"line":221,"column":8},"end":{"line":221,"column":73}},"76":{"start":{"line":229,"column":32},"end":{"line":268,"column":1}},"77":{"start":{"line":230,"column":4},"end":{"line":267,"column":5}},"78":{"start":{"line":231,"column":23},"end":{"line":231,"column":33}},"79":{"start":{"line":232,"column":26},"end":{"line":232,"column":46}},"80":{"start":{"line":235,"column":30},"end":{"line":238,"column":9}},"81":{"start":{"line":240,"column":8},"end":{"line":242,"column":9}},"82":{"start":{"line":241,"column":12},"end":{"line":241,"column":98}},"83":{"start":{"line":244,"column":8},"end":{"line":246,"column":9}},"84":{"start":{"line":245,"column":12},"end":{"line":245,"column":108}},"85":{"start":{"line":249,"column":8},"end":{"line":252,"column":10}},"86":{"start":{"line":255,"column":8},"end":{"line":261,"column":10}},"87":{"start":{"line":263,"column":8},"end":{"line":263,"column":80}},"88":{"start":{"line":265,"column":8},"end":{"line":265,"column":60}},"89":{"start":{"line":266,"column":8},"end":{"line":266,"column":73}}},"fnMap":{"0":{"name":"(anonymous_0)","decl":{"start":{"line":5,"column":35},"end":{"line":5,"column":36}},"loc":{"start":{"line":5,"column":55},"end":{"line":13,"column":1}},"line":5},"1":{"name":"(anonymous_1)","decl":{"start":{"line":15,"column":39},"end":{"line":15,"column":40}},"loc":{"start":{"line":15,"column":59},"end":{"line":27,"column":1}},"line":15},"2":{"name":"(anonymous_2)","decl":{"start":{"line":29,"column":32},"end":{"line":29,"column":33}},"loc":{"start":{"line":29,"column":52},"end":{"line":46,"column":1}},"line":29},"3":{"name":"(anonymous_3)","decl":{"start":{"line":48,"column":37},"end":{"line":48,"column":38}},"loc":{"start":{"line":48,"column":57},"end":{"line":66,"column":1}},"line":48},"4":{"name":"(anonymous_4)","decl":{"start":{"line":68,"column":35},"end":{"line":68,"column":36}},"loc":{"start":{"line":68,"column":55},"end":{"line":86,"column":1}},"line":68},"5":{"name":"(anonymous_5)","decl":{"start":{"line":97,"column":46},"end":{"line":97,"column":47}},"loc":{"start":{"line":97,"column":66},"end":{"line":188,"column":1}},"line":97},"6":{"name":"(anonymous_6)","decl":{"start":{"line":197,"column":38},"end":{"line":197,"column":39}},"loc":{"start":{"line":197,"column":58},"end":{"line":223,"column":1}},"line":197},"7":{"name":"(anonymous_7)","decl":{"start":{"line":229,"column":32},"end":{"line":229,"column":33}},"loc":{"start":{"line":229,"column":52},"end":{"line":268,"column":1}},"line":229}},"branchMap":{"0":{"loc":{"start":{"line":19,"column":8},"end":{"line":21,"column":9}},"type":"if","locations":[{"start":{"line":19,"column":8},"end":{"line":21,"column":9}},{"start":{},"end":{}}],"line":19},"1":{"loc":{"start":{"line":34,"column":12},"end":{"line":34,"column":37}},"type":"binary-expr","locations":[{"start":{"line":34,"column":12},"end":{"line":34,"column":32}},{"start":{"line":34,"column":36},"end":{"line":34,"column":37}}],"line":34},"2":{"loc":{"start":{"line":36,"column":12},"end":{"line":36,"column":42}},"type":"binary-expr","locations":[{"start":{"line":36,"column":12},"end":{"line":36,"column":37}},{"start":{"line":36,"column":41},"end":{"line":36,"column":42}}],"line":36},"3":{"loc":{"start":{"line":54,"column":12},"end":{"line":54,"column":37}},"type":"binary-expr","locations":[{"start":{"line":54,"column":12},"end":{"line":54,"column":32}},{"start":{"line":54,"column":36},"end":{"line":54,"column":37}}],"line":54},"4":{"loc":{"start":{"line":74,"column":12},"end":{"line":74,"column":37}},"type":"binary-expr","locations":[{"start":{"line":74,"column":12},"end":{"line":74,"column":32}},{"start":{"line":74,"column":36},"end":{"line":74,"column":37}}],"line":74},"5":{"loc":{"start":{"line":101,"column":24},"end":{"line":101,"column":69}},"type":"binary-expr","locations":[{"start":{"line":101,"column":24},"end":{"line":101,"column":44}},{"start":{"line":101,"column":48},"end":{"line":101,"column":69}}],"line":101},"6":{"loc":{"start":{"line":109,"column":8},"end":{"line":111,"column":9}},"type":"if","locations":[{"start":{"line":109,"column":8},"end":{"line":111,"column":9}},{"start":{},"end":{}}],"line":109},"7":{"loc":{"start":{"line":109,"column":12},"end":{"line":109,"column":52}},"type":"binary-expr","locations":[{"start":{"line":109,"column":12},"end":{"line":109,"column":24}},{"start":{"line":109,"column":28},"end":{"line":109,"column":52}}],"line":109},"8":{"loc":{"start":{"line":121,"column":8},"end":{"line":123,"column":9}},"type":"if","locations":[{"start":{"line":121,"column":8},"end":{"line":123,"column":9}},{"start":{},"end":{}}],"line":121},"9":{"loc":{"start":{"line":121,"column":12},"end":{"line":121,"column":48}},"type":"binary-expr","locations":[{"start":{"line":121,"column":12},"end":{"line":121,"column":22}},{"start":{"line":121,"column":26},"end":{"line":121,"column":48}}],"line":121},"10":{"loc":{"start":{"line":130,"column":36},"end":{"line":130,"column":60}},"type":"binary-expr","locations":[{"start":{"line":130,"column":36},"end":{"line":130,"column":55}},{"start":{"line":130,"column":59},"end":{"line":130,"column":60}}],"line":130},"11":{"loc":{"start":{"line":139,"column":8},"end":{"line":145,"column":9}},"type":"if","locations":[{"start":{"line":139,"column":8},"end":{"line":145,"column":9}},{"start":{},"end":{}}],"line":139},"12":{"loc":{"start":{"line":139,"column":12},"end":{"line":139,"column":45}},"type":"binary-expr","locations":[{"start":{"line":139,"column":12},"end":{"line":139,"column":21}},{"start":{"line":139,"column":25},"end":{"line":139,"column":45}}],"line":139},"13":{"loc":{"start":{"line":151,"column":34},"end":{"line":151,"column":58}},"type":"binary-expr","locations":[{"start":{"line":151,"column":34},"end":{"line":151,"column":53}},{"start":{"line":151,"column":57},"end":{"line":151,"column":58}}],"line":151},"14":{"loc":{"start":{"line":155,"column":32},"end":{"line":155,"column":57}},"type":"binary-expr","locations":[{"start":{"line":155,"column":32},"end":{"line":155,"column":43}},{"start":{"line":155,"column":47},"end":{"line":155,"column":57}}],"line":155},"15":{"loc":{"start":{"line":165,"column":12},"end":{"line":165,"column":24}},"type":"binary-expr","locations":[{"start":{"line":165,"column":12},"end":{"line":165,"column":19}},{"start":{"line":165,"column":23},"end":{"line":165,"column":24}}],"line":165},"16":{"loc":{"start":{"line":167,"column":12},"end":{"line":167,"column":32}},"type":"binary-expr","locations":[{"start":{"line":167,"column":12},"end":{"line":167,"column":27}},{"start":{"line":167,"column":31},"end":{"line":167,"column":32}}],"line":167},"17":{"loc":{"start":{"line":199,"column":26},"end":{"line":199,"column":71}},"type":"binary-expr","locations":[{"start":{"line":199,"column":26},"end":{"line":199,"column":46}},{"start":{"line":199,"column":50},"end":{"line":199,"column":71}}],"line":199},"18":{"loc":{"start":{"line":201,"column":8},"end":{"line":203,"column":9}},"type":"if","locations":[{"start":{"line":201,"column":8},"end":{"line":203,"column":9}},{"start":{},"end":{}}],"line":201},"19":{"loc":{"start":{"line":240,"column":8},"end":{"line":242,"column":9}},"type":"if","locations":[{"start":{"line":240,"column":8},"end":{"line":242,"column":9}},{"start":{},"end":{}}],"line":240},"20":{"loc":{"start":{"line":240,"column":12},"end":{"line":240,"column":52}},"type":"binary-expr","locations":[{"start":{"line":240,"column":12},"end":{"line":240,"column":24}},{"start":{"line":240,"column":28},"end":{"line":240,"column":52}}],"line":240},"21":{"loc":{"start":{"line":244,"column":8},"end":{"line":246,"column":9}},"type":"if","locations":[{"start":{"line":244,"column":8},"end":{"line":246,"column":9}},{"start":{},"end":{}}],"line":244},"22":{"loc":{"start":{"line":256,"column":12},"end":{"line":256,"column":26}},"type":"binary-expr","locations":[{"start":{"line":256,"column":12},"end":{"line":256,"column":21}},{"start":{"line":256,"column":25},"end":{"line":256,"column":26}}],"line":256}},"s":{"0":7,"1":3,"2":3,"3":2,"4":1,"5":1,"6":7,"7":3,"8":3,"9":3,"10":2,"11":1,"12":1,"13":1,"14":1,"15":7,"16":4,"17":4,"18":3,"19":3,"20":1,"21":1,"22":7,"23":3,"24":3,"25":3,"26":2,"27":2,"28":1,"29":1,"30":7,"31":3,"32":3,"33":3,"34":2,"35":2,"36":1,"37":1,"38":7,"39":9,"40":9,"41":9,"42":9,"43":9,"44":8,"45":1,"46":7,"47":7,"48":7,"49":1,"50":6,"51":6,"52":6,"53":6,"54":6,"55":1,"56":5,"57":5,"58":5,"59":5,"60":5,"61":5,"62":5,"63":5,"64":5,"65":1,"66":1,"67":7,"68":0,"69":0,"70":0,"71":0,"72":0,"73":0,"74":0,"75":0,"76":7,"77":9,"78":9,"79":9,"80":9,"81":8,"82":2,"83":6,"84":2,"85":4,"86":3,"87":2,"88":3,"89":3},"f":{"0":3,"1":3,"2":4,"3":3,"4":3,"5":9,"6":0,"7":9},"b":{"0":[1,1],"1":[3,1],"2":[3,1],"3":[2,1],"4":[2,1],"5":[9,2],"6":[1,7],"7":[8,8],"8":[1,6],"9":[7,7],"10":[6,1],"11":[1,5],"12":[6,6],"13":[5,4],"14":[5,2],"15":[5,1],"16":[5,0],"17":[0,0],"18":[0,0],"19":[2,6],"20":[8,7],"21":[2,4],"22":[3,1]},"_coverageSchema":"1a1c01bbd47fc00a2c39e90264f33305004495a9","hash":"ae50bfbf52a62ab5f58707fd8660cffa4acc9e45"}
,"C:\\Users\\duvan\\BACKEND\\servidor\\controllers\\detalleOrdenServicioController.js": {"path":"C:\\Users\\duvan\\BACKEND\\servidor\\controllers\\detalleOrdenServicioController.js","statementMap":{"0":{"start":{"line":6,"column":36},"end":{"line":14,"column":1}},"1":{"start":{"line":7,"column":2},"end":{"line":13,"column":3}},"2":{"start":{"line":8,"column":18},"end":{"line":8,"column":54}},"3":{"start":{"line":9,"column":4},"end":{"line":9,"column":45}},"4":{"start":{"line":11,"column":4},"end":{"line":11,"column":55}},"5":{"start":{"line":12,"column":4},"end":{"line":12,"column":67}},"6":{"start":{"line":17,"column":40},"end":{"line":30,"column":1}},"7":{"start":{"line":18,"column":17},"end":{"line":18,"column":27}},"8":{"start":{"line":19,"column":2},"end":{"line":29,"column":3}},"9":{"start":{"line":20,"column":20},"end":{"line":20,"column":59}},"10":{"start":{"line":22,"column":4},"end":{"line":24,"column":5}},"11":{"start":{"line":23,"column":6},"end":{"line":23,"column":88}},"12":{"start":{"line":26,"column":4},"end":{"line":26,"column":47}},"13":{"start":{"line":28,"column":4},"end":{"line":28,"column":67}},"14":{"start":{"line":33,"column":36},"end":{"line":48,"column":1}},"15":{"start":{"line":34,"column":2},"end":{"line":47,"column":3}},"16":{"start":{"line":35,"column":28},"end":{"line":35,"column":38}},"17":{"start":{"line":36,"column":23},"end":{"line":36,"column":36}},"18":{"start":{"line":38,"column":4},"end":{"line":40,"column":5}},"19":{"start":{"line":39,"column":6},"end":{"line":39,"column":90}},"20":{"start":{"line":42,"column":21},"end":{"line":42,"column":73}},"21":{"start":{"line":43,"column":4},"end":{"line":43,"column":48}},"22":{"start":{"line":45,"column":4},"end":{"line":45,"column":59}},"23":{"start":{"line":46,"column":4},"end":{"line":46,"column":69}},"24":{"start":{"line":54,"column":33},"end":{"line":106,"column":1}},"25":{"start":{"line":55,"column":2},"end":{"line":105,"column":3}},"26":{"start":{"line":57,"column":17},"end":{"line":57,"column":32}},"27":{"start":{"line":58,"column":4},"end":{"line":58,"column":124}},"28":{"start":{"line":58,"column":99},"end":{"line":58,"column":124}},"29":{"start":{"line":59,"column":4},"end":{"line":59,"column":124}},"30":{"start":{"line":59,"column":99},"end":{"line":59,"column":124}},"31":{"start":{"line":61,"column":25},"end":{"line":61,"column":26}},"32":{"start":{"line":64,"column":21},"end":{"line":64,"column":39}},"33":{"start":{"line":66,"column":4},"end":{"line":78,"column":5}},"34":{"start":{"line":67,"column":25},"end":{"line":67,"column":67}},"35":{"start":{"line":68,"column":8},"end":{"line":68,"column":72}},"36":{"start":{"line":68,"column":22},"end":{"line":68,"column":72}},"37":{"start":{"line":69,"column":11},"end":{"line":78,"column":5}},"38":{"start":{"line":70,"column":25},"end":{"line":70,"column":67}},"39":{"start":{"line":71,"column":8},"end":{"line":77,"column":9}},"40":{"start":{"line":73,"column":12},"end":{"line":75,"column":13}},"41":{"start":{"line":74,"column":16},"end":{"line":74,"column":164}},"42":{"start":{"line":76,"column":12},"end":{"line":76,"column":62}},"43":{"start":{"line":80,"column":4},"end":{"line":80,"column":29}},"44":{"start":{"line":81,"column":4},"end":{"line":81,"column":42}},"45":{"start":{"line":82,"column":4},"end":{"line":82,"column":46}},"46":{"start":{"line":84,"column":4},"end":{"line":84,"column":81}},"47":{"start":{"line":84,"column":63},"end":{"line":84,"column":81}},"48":{"start":{"line":86,"column":25},"end":{"line":86,"column":64}},"49":{"start":{"line":89,"column":4},"end":{"line":91,"column":5}},"50":{"start":{"line":90,"column":8},"end":{"line":90,"column":121}},"51":{"start":{"line":93,"column":4},"end":{"line":99,"column":6}},"52":{"start":{"line":101,"column":4},"end":{"line":101,"column":52}},"53":{"start":{"line":103,"column":4},"end":{"line":103,"column":52}},"54":{"start":{"line":104,"column":4},"end":{"line":104,"column":67}},"55":{"start":{"line":109,"column":38},"end":{"line":138,"column":1}},"56":{"start":{"line":110,"column":2},"end":{"line":137,"column":3}},"57":{"start":{"line":111,"column":19},"end":{"line":111,"column":29}},"58":{"start":{"line":112,"column":21},"end":{"line":112,"column":62}},"59":{"start":{"line":114,"column":4},"end":{"line":116,"column":5}},"60":{"start":{"line":115,"column":6},"end":{"line":115,"column":97}},"61":{"start":{"line":118,"column":67},"end":{"line":118,"column":75}},"62":{"start":{"line":119,"column":22},"end":{"line":119,"column":86}},"63":{"start":{"line":121,"column":4},"end":{"line":123,"column":5}},"64":{"start":{"line":122,"column":6},"end":{"line":122,"column":88}},"65":{"start":{"line":125,"column":4},"end":{"line":131,"column":6}},"66":{"start":{"line":133,"column":4},"end":{"line":133,"column":78}},"67":{"start":{"line":135,"column":4},"end":{"line":135,"column":49}},"68":{"start":{"line":136,"column":4},"end":{"line":136,"column":67}},"69":{"start":{"line":141,"column":36},"end":{"line":169,"column":1}},"70":{"start":{"line":142,"column":2},"end":{"line":168,"column":3}},"71":{"start":{"line":143,"column":19},"end":{"line":143,"column":29}},"72":{"start":{"line":144,"column":23},"end":{"line":144,"column":64}},"73":{"start":{"line":146,"column":4},"end":{"line":148,"column":5}},"74":{"start":{"line":147,"column":6},"end":{"line":147,"column":93}},"75":{"start":{"line":150,"column":23},"end":{"line":150,"column":68}},"76":{"start":{"line":152,"column":4},"end":{"line":154,"column":5}},"77":{"start":{"line":153,"column":6},"end":{"line":153,"column":88}},"78":{"start":{"line":156,"column":4},"end":{"line":162,"column":6}},"79":{"start":{"line":164,"column":4},"end":{"line":164,"column":76}},"80":{"start":{"line":166,"column":4},"end":{"line":166,"column":47}},"81":{"start":{"line":167,"column":4},"end":{"line":167,"column":67}}},"fnMap":{"0":{"name":"(anonymous_0)","decl":{"start":{"line":6,"column":36},"end":{"line":6,"column":37}},"loc":{"start":{"line":6,"column":56},"end":{"line":14,"column":1}},"line":6},"1":{"name":"(anonymous_1)","decl":{"start":{"line":17,"column":40},"end":{"line":17,"column":41}},"loc":{"start":{"line":17,"column":60},"end":{"line":30,"column":1}},"line":17},"2":{"name":"(anonymous_2)","decl":{"start":{"line":33,"column":36},"end":{"line":33,"column":37}},"loc":{"start":{"line":33,"column":56},"end":{"line":48,"column":1}},"line":33},"3":{"name":"(anonymous_3)","decl":{"start":{"line":54,"column":33},"end":{"line":54,"column":34}},"loc":{"start":{"line":54,"column":53},"end":{"line":106,"column":1}},"line":54},"4":{"name":"(anonymous_4)","decl":{"start":{"line":109,"column":38},"end":{"line":109,"column":39}},"loc":{"start":{"line":109,"column":58},"end":{"line":138,"column":1}},"line":109},"5":{"name":"(anonymous_5)","decl":{"start":{"line":141,"column":36},"end":{"line":141,"column":37}},"loc":{"start":{"line":141,"column":56},"end":{"line":169,"column":1}},"line":141}},"branchMap":{"0":{"loc":{"start":{"line":22,"column":4},"end":{"line":24,"column":5}},"type":"if","locations":[{"start":{"line":22,"column":4},"end":{"line":24,"column":5}},{"start":{},"end":{}}],"line":22},"1":{"loc":{"start":{"line":22,"column":8},"end":{"line":22,"column":40}},"type":"binary-expr","locations":[{"start":{"line":22,"column":8},"end":{"line":22,"column":16}},{"start":{"line":22,"column":20},"end":{"line":22,"column":40}}],"line":22},"2":{"loc":{"start":{"line":36,"column":23},"end":{"line":36,"column":36}},"type":"binary-expr","locations":[{"start":{"line":36,"column":23},"end":{"line":36,"column":30}},{"start":{"line":36,"column":34},"end":{"line":36,"column":36}}],"line":36},"3":{"loc":{"start":{"line":38,"column":4},"end":{"line":40,"column":5}},"type":"if","locations":[{"start":{"line":38,"column":4},"end":{"line":40,"column":5}},{"start":{},"end":{}}],"line":38},"4":{"loc":{"start":{"line":58,"column":4},"end":{"line":58,"column":124}},"type":"if","locations":[{"start":{"line":58,"column":4},"end":{"line":58,"column":124}},{"start":{},"end":{}}],"line":58},"5":{"loc":{"start":{"line":58,"column":8},"end":{"line":58,"column":97}},"type":"binary-expr","locations":[{"start":{"line":58,"column":8},"end":{"line":58,"column":39}},{"start":{"line":58,"column":43},"end":{"line":58,"column":69}},{"start":{"line":58,"column":73},"end":{"line":58,"column":97}}],"line":58},"6":{"loc":{"start":{"line":59,"column":4},"end":{"line":59,"column":124}},"type":"if","locations":[{"start":{"line":59,"column":4},"end":{"line":59,"column":124}},{"start":{},"end":{}}],"line":59},"7":{"loc":{"start":{"line":59,"column":8},"end":{"line":59,"column":97}},"type":"binary-expr","locations":[{"start":{"line":59,"column":8},"end":{"line":59,"column":39}},{"start":{"line":59,"column":43},"end":{"line":59,"column":69}},{"start":{"line":59,"column":73},"end":{"line":59,"column":97}}],"line":59},"8":{"loc":{"start":{"line":64,"column":21},"end":{"line":64,"column":39}},"type":"binary-expr","locations":[{"start":{"line":64,"column":21},"end":{"line":64,"column":34}},{"start":{"line":64,"column":38},"end":{"line":64,"column":39}}],"line":64},"9":{"loc":{"start":{"line":66,"column":4},"end":{"line":78,"column":5}},"type":"if","locations":[{"start":{"line":66,"column":4},"end":{"line":78,"column":5}},{"start":{"line":69,"column":11},"end":{"line":78,"column":5}}],"line":66},"10":{"loc":{"start":{"line":68,"column":8},"end":{"line":68,"column":72}},"type":"if","locations":[{"start":{"line":68,"column":8},"end":{"line":68,"column":72}},{"start":{},"end":{}}],"line":68},"11":{"loc":{"start":{"line":68,"column":50},"end":{"line":68,"column":70}},"type":"binary-expr","locations":[{"start":{"line":68,"column":50},"end":{"line":68,"column":65}},{"start":{"line":68,"column":69},"end":{"line":68,"column":70}}],"line":68},"12":{"loc":{"start":{"line":69,"column":11},"end":{"line":78,"column":5}},"type":"if","locations":[{"start":{"line":69,"column":11},"end":{"line":78,"column":5}},{"start":{},"end":{}}],"line":69},"13":{"loc":{"start":{"line":71,"column":8},"end":{"line":77,"column":9}},"type":"if","locations":[{"start":{"line":71,"column":8},"end":{"line":77,"column":9}},{"start":{},"end":{}}],"line":71},"14":{"loc":{"start":{"line":73,"column":12},"end":{"line":75,"column":13}},"type":"if","locations":[{"start":{"line":73,"column":12},"end":{"line":75,"column":13}},{"start":{},"end":{}}],"line":73},"15":{"loc":{"start":{"line":76,"column":40},"end":{"line":76,"column":60}},"type":"binary-expr","locations":[{"start":{"line":76,"column":40},"end":{"line":76,"column":55}},{"start":{"line":76,"column":59},"end":{"line":76,"column":60}}],"line":76},"16":{"loc":{"start":{"line":84,"column":4},"end":{"line":84,"column":81}},"type":"if","locations":[{"start":{"line":84,"column":4},"end":{"line":84,"column":81}},{"start":{},"end":{}}],"line":84},"17":{"loc":{"start":{"line":84,"column":8},"end":{"line":84,"column":61}},"type":"binary-expr","locations":[{"start":{"line":84,"column":8},"end":{"line":84,"column":35}},{"start":{"line":84,"column":39},"end":{"line":84,"column":61}}],"line":84},"18":{"loc":{"start":{"line":89,"column":4},"end":{"line":91,"column":5}},"type":"if","locations":[{"start":{"line":89,"column":4},"end":{"line":91,"column":5}},{"start":{},"end":{}}],"line":89},"19":{"loc":{"start":{"line":94,"column":8},"end":{"line":94,"column":33}},"type":"binary-expr","locations":[{"start":{"line":94,"column":8},"end":{"line":94,"column":28}},{"start":{"line":94,"column":32},"end":{"line":94,"column":33}}],"line":94},"20":{"loc":{"start":{"line":96,"column":8},"end":{"line":96,"column":61}},"type":"binary-expr","locations":[{"start":{"line":96,"column":8},"end":{"line":96,"column":31}},{"start":{"line":96,"column":35},"end":{"line":96,"column":56}},{"start":{"line":96,"column":60},"end":{"line":96,"column":61}}],"line":96},"21":{"loc":{"start":{"line":98,"column":40},"end":{"line":98,"column":88}},"type":"binary-expr","locations":[{"start":{"line":98,"column":40},"end":{"line":98,"column":62}},{"start":{"line":98,"column":66},"end":{"line":98,"column":79}},{"start":{"line":98,"column":83},"end":{"line":98,"column":88}}],"line":98},"22":{"loc":{"start":{"line":112,"column":21},"end":{"line":112,"column":62}},"type":"binary-expr","locations":[{"start":{"line":112,"column":21},"end":{"line":112,"column":23}},{"start":{"line":112,"column":27},"end":{"line":112,"column":62}}],"line":112},"23":{"loc":{"start":{"line":114,"column":4},"end":{"line":116,"column":5}},"type":"if","locations":[{"start":{"line":114,"column":4},"end":{"line":116,"column":5}},{"start":{},"end":{}}],"line":114},"24":{"loc":{"start":{"line":121,"column":4},"end":{"line":123,"column":5}},"type":"if","locations":[{"start":{"line":121,"column":4},"end":{"line":123,"column":5}},{"start":{},"end":{}}],"line":121},"25":{"loc":{"start":{"line":126,"column":8},"end":{"line":126,"column":33}},"type":"binary-expr","locations":[{"start":{"line":126,"column":8},"end":{"line":126,"column":28}},{"start":{"line":126,"column":32},"end":{"line":126,"column":33}}],"line":126},"26":{"loc":{"start":{"line":144,"column":23},"end":{"line":144,"column":64}},"type":"binary-expr","locations":[{"start":{"line":144,"column":23},"end":{"line":144,"column":25}},{"start":{"line":144,"column":29},"end":{"line":144,"column":64}}],"line":144},"27":{"loc":{"start":{"line":146,"column":4},"end":{"line":148,"column":5}},"type":"if","locations":[{"start":{"line":146,"column":4},"end":{"line":148,"column":5}},{"start":{},"end":{}}],"line":146},"28":{"loc":{"start":{"line":152,"column":4},"end":{"line":154,"column":5}},"type":"if","locations":[{"start":{"line":152,"column":4},"end":{"line":154,"column":5}},{"start":{},"end":{}}],"line":152},"29":{"loc":{"start":{"line":157,"column":8},"end":{"line":157,"column":33}},"type":"binary-expr","locations":[{"start":{"line":157,"column":8},"end":{"line":157,"column":28}},{"start":{"line":157,"column":32},"end":{"line":157,"column":33}}],"line":157}},"s":{"0":6,"1":3,"2":3,"3":2,"4":1,"5":1,"6":6,"7":5,"8":5,"9":5,"10":4,"11":2,"12":2,"13":1,"14":6,"15":6,"16":6,"17":6,"18":6,"19":1,"20":5,"21":4,"22":1,"23":1,"24":6,"25":17,"26":17,"27":17,"28":6,"29":17,"30":11,"31":17,"32":17,"33":17,"34":11,"35":10,"36":10,"37":6,"38":6,"39":5,"40":5,"41":1,"42":4,"43":14,"44":14,"45":14,"46":14,"47":12,"48":14,"49":13,"50":4,"51":12,"52":12,"53":4,"54":4,"55":6,"56":9,"57":9,"58":9,"59":9,"60":1,"61":8,"62":8,"63":6,"64":1,"65":5,"66":4,"67":3,"68":3,"69":6,"70":9,"71":9,"72":9,"73":9,"74":1,"75":8,"76":6,"77":1,"78":5,"79":4,"80":3,"81":3},"f":{"0":3,"1":5,"2":6,"3":17,"4":9,"5":9},"b":{"0":[2,2],"1":[4,3],"2":[6,2],"3":[1,5],"4":[6,11],"5":[17,12,12],"6":[11,6],"7":[17,7,7],"8":[17,1],"9":[11,6],"10":[10,0],"11":[10,1],"12":[6,0],"13":[5,0],"14":[1,4],"15":[4,0],"16":[12,2],"17":[14,2],"18":[4,9],"19":[12,1],"20":[12,2,1],"21":[12,11,10],"22":[9,2],"23":[1,8],"24":[1,5],"25":[5,1],"26":[9,2],"27":[1,8],"28":[1,5],"29":[5,1]},"_coverageSchema":"1a1c01bbd47fc00a2c39e90264f33305004495a9","hash":"d7427f58ab0e3ca938a3093b9f58193de2e36c2a"}
,"C:\\Users\\duvan\\BACKEND\\servidor\\controllers\\historialController.js": {"path":"C:\\Users\\duvan\\BACKEND\\servidor\\controllers\\historialController.js","statementMap":{"0":{"start":{"line":6,"column":32},"end":{"line":20,"column":1}},"1":{"start":{"line":7,"column":4},"end":{"line":19,"column":5}},"2":{"start":{"line":8,"column":26},"end":{"line":8,"column":51}},"3":{"start":{"line":9,"column":8},"end":{"line":12,"column":11}},"4":{"start":{"line":14,"column":8},"end":{"line":14,"column":63}},"5":{"start":{"line":15,"column":8},"end":{"line":18,"column":11}},"6":{"start":{"line":25,"column":37},"end":{"line":46,"column":1}},"7":{"start":{"line":26,"column":19},"end":{"line":26,"column":29}},"8":{"start":{"line":27,"column":4},"end":{"line":45,"column":5}},"9":{"start":{"line":28,"column":25},"end":{"line":28,"column":53}},"10":{"start":{"line":29,"column":8},"end":{"line":34,"column":9}},"11":{"start":{"line":30,"column":12},"end":{"line":33,"column":15}},"12":{"start":{"line":35,"column":8},"end":{"line":38,"column":11}},"13":{"start":{"line":40,"column":8},"end":{"line":40,"column":67}},"14":{"start":{"line":41,"column":8},"end":{"line":44,"column":11}},"15":{"start":{"line":51,"column":30},"end":{"line":65,"column":1}},"16":{"start":{"line":52,"column":4},"end":{"line":64,"column":5}},"17":{"start":{"line":53,"column":30},"end":{"line":53,"column":62}},"18":{"start":{"line":54,"column":8},"end":{"line":57,"column":11}},"19":{"start":{"line":59,"column":8},"end":{"line":59,"column":70}},"20":{"start":{"line":60,"column":8},"end":{"line":63,"column":11}},"21":{"start":{"line":70,"column":35},"end":{"line":85,"column":1}},"22":{"start":{"line":71,"column":19},"end":{"line":71,"column":29}},"23":{"start":{"line":72,"column":4},"end":{"line":84,"column":5}},"24":{"start":{"line":73,"column":36},"end":{"line":73,"column":72}},"25":{"start":{"line":74,"column":8},"end":{"line":77,"column":11}},"26":{"start":{"line":79,"column":8},"end":{"line":79,"column":63}},"27":{"start":{"line":80,"column":8},"end":{"line":83,"column":11}},"28":{"start":{"line":90,"column":33},"end":{"line":105,"column":1}},"29":{"start":{"line":91,"column":19},"end":{"line":91,"column":29}},"30":{"start":{"line":92,"column":4},"end":{"line":104,"column":5}},"31":{"start":{"line":93,"column":8},"end":{"line":93,"column":35}},"32":{"start":{"line":94,"column":8},"end":{"line":97,"column":11}},"33":{"start":{"line":99,"column":8},"end":{"line":99,"column":61}},"34":{"start":{"line":100,"column":8},"end":{"line":103,"column":11}},"35":{"start":{"line":110,"column":34},"end":{"line":129,"column":1}},"36":{"start":{"line":111,"column":4},"end":{"line":128,"column":5}},"37":{"start":{"line":112,"column":26},"end":{"line":112,"column":46}},"38":{"start":{"line":113,"column":8},"end":{"line":115,"column":9}},"39":{"start":{"line":114,"column":12},"end":{"line":114,"column":95}},"40":{"start":{"line":117,"column":26},"end":{"line":117,"column":68}},"41":{"start":{"line":118,"column":8},"end":{"line":121,"column":11}},"42":{"start":{"line":123,"column":8},"end":{"line":123,"column":72}},"43":{"start":{"line":124,"column":8},"end":{"line":127,"column":11}}},"fnMap":{"0":{"name":"(anonymous_0)","decl":{"start":{"line":6,"column":32},"end":{"line":6,"column":33}},"loc":{"start":{"line":6,"column":52},"end":{"line":20,"column":1}},"line":6},"1":{"name":"(anonymous_1)","decl":{"start":{"line":25,"column":37},"end":{"line":25,"column":38}},"loc":{"start":{"line":25,"column":57},"end":{"line":46,"column":1}},"line":25},"2":{"name":"(anonymous_2)","decl":{"start":{"line":51,"column":30},"end":{"line":51,"column":31}},"loc":{"start":{"line":51,"column":50},"end":{"line":65,"column":1}},"line":51},"3":{"name":"(anonymous_3)","decl":{"start":{"line":70,"column":35},"end":{"line":70,"column":36}},"loc":{"start":{"line":70,"column":55},"end":{"line":85,"column":1}},"line":70},"4":{"name":"(anonymous_4)","decl":{"start":{"line":90,"column":33},"end":{"line":90,"column":34}},"loc":{"start":{"line":90,"column":53},"end":{"line":105,"column":1}},"line":90},"5":{"name":"(anonymous_5)","decl":{"start":{"line":110,"column":34},"end":{"line":110,"column":35}},"loc":{"start":{"line":110,"column":54},"end":{"line":129,"column":1}},"line":110}},"branchMap":{"0":{"loc":{"start":{"line":29,"column":8},"end":{"line":34,"column":9}},"type":"if","locations":[{"start":{"line":29,"column":8},"end":{"line":34,"column":9}},{"start":{},"end":{}}],"line":29},"1":{"loc":{"start":{"line":113,"column":8},"end":{"line":115,"column":9}},"type":"if","locations":[{"start":{"line":113,"column":8},"end":{"line":115,"column":9}},{"start":{},"end":{}}],"line":113}},"s":{"0":6,"1":3,"2":3,"3":2,"4":1,"5":1,"6":6,"7":3,"8":3,"9":3,"10":2,"11":1,"12":1,"13":1,"14":1,"15":6,"16":4,"17":4,"18":2,"19":2,"20":2,"21":6,"22":5,"23":5,"24":5,"25":2,"26":3,"27":3,"28":6,"29":5,"30":5,"31":5,"32":2,"33":3,"34":3,"35":6,"36":5,"37":5,"38":5,"39":2,"40":3,"41":2,"42":1,"43":1},"f":{"0":3,"1":3,"2":4,"3":5,"4":5,"5":5},"b":{"0":[1,1],"1":[2,3]},"_coverageSchema":"1a1c01bbd47fc00a2c39e90264f33305004495a9","hash":"3e5147bb2fb34bff801b33fec10c94cc081e4ecf"}
[...]
:21}},"4":{"start":{"line":17,"column":4},"end":{"line":23,"column":5}},"5":{"start":{"line":18,"column":19},"end":{"line":18,"column":48}},"6":{"start":{"line":19,"column":6},"end":{"line":22,"column":7}},"7":{"start":{"line":20,"column":8},"end":{"line":20,"column":69}},"8":{"start":{"line":20,"column":43},"end":{"line":20,"column":53}},"9":{"start":{"line":21,"column":8},"end":{"line":21,"column":59}},"10":{"start":{"line":21,"column":37},"end":{"line":21,"column":56}},"11":{"start":{"line":24,"column":19},"end":{"line":24,"column":50}},"12":{"start":{"line":25,"column":4},"end":{"line":25,"column":16}},"13":{"start":{"line":30,"column":19},"end":{"line":33,"column":5}},"14":{"start":{"line":34,"column":4},"end":{"line":34,"column":19}},"15":{"start":{"line":39,"column":22},"end":{"line":39,"column":32}},"16":{"start":{"line":40,"column":4},"end":{"line":40,"column":28}},"17":{"start":{"line":40,"column":16},"end":{"line":40,"column":28}},"18":{"start":{"line":41,"column":17},"end":{"line":41,"column":35}},"19":{"start":{"line":42,"column":4},"end":{"line":42,"column":39}},"20":{"start":{"line":42,"column":27},"end":{"line":42,"column":39}},"21":{"start":{"line":44,"column":18},"end":{"line":44,"column":109}},"22":{"start":{"line":44,"column":84},"end":{"line":44,"column":94}},"23":{"start":{"line":45,"column":19},"end":{"line":45,"column":42}},"24":{"start":{"line":45,"column":33},"end":{"line":45,"column":41}},"25":{"start":{"line":47,"column":19},"end":{"line":47,"column":50}},"26":{"start":{"line":48,"column":4},"end":{"line":48,"column":19}},"27":{"start":{"line":53,"column":22},"end":{"line":53,"column":32}},"28":{"start":{"line":54,"column":4},"end":{"line":54,"column":28}},"29":{"start":{"line":54,"column":16},"end":{"line":54,"column":28}},"30":{"start":{"line":55,"column":17},"end":{"line":55,"column":35}},"31":{"start":{"line":56,"column":4},"end":{"line":56,"column":39}},"32":{"start":{"line":56,"column":27},"end":{"line":56,"column":39}},"33":{"start":{"line":58,"column":18},"end":{"line":58,"column":91}},"34":{"start":{"line":58,"column":66},"end":{"line":58,"column":76}},"35":{"start":{"line":59,"column":19},"end":{"line":59,"column":42}},"36":{"start":{"line":59,"column":33},"end":{"line":59,"column":41}},"37":{"start":{"line":61,"column":19},"end":{"line":61,"column":50}},"38":{"start":{"line":62,"column":4},"end":{"line":62,"column":19}},"39":{"start":{"line":67,"column":121},"end":{"line":67,"column":125}},"40":{"start":{"line":68,"column":23},"end":{"line":68,"column":25}},"41":{"start":{"line":69,"column":25},"end":{"line":69,"column":64}},"42":{"start":{"line":71,"column":21},"end":{"line":76,"column":5}},"43":{"start":{"line":77,"column":4},"end":{"line":77,"column":18}},"44":{"start":{"line":82,"column":21},"end":{"line":82,"column":64}},"45":{"start":{"line":83,"column":4},"end":{"line":85,"column":5}},"46":{"start":{"line":84,"column":6},"end":{"line":84,"column":47}},"47":{"start":{"line":87,"column":29},"end":{"line":87,"column":143}},"48":{"start":{"line":88,"column":30},"end":{"line":88,"column":147}},"49":{"start":{"line":89,"column":19},"end":{"line":89,"column":103}},"50":{"start":{"line":90,"column":19},"end":{"line":90,"column":103}},"51":{"start":{"line":91,"column":19},"end":{"line":91,"column":103}},"52":{"start":{"line":92,"column":20},"end":{"line":92,"column":107}},"53":{"start":{"line":93,"column":19},"end":{"line":93,"column":103}},"54":{"start":{"line":94,"column":21},"end":{"line":94,"column":111}},"55":{"start":{"line":95,"column":19},"end":{"line":95,"column":103}},"56":{"start":{"line":97,"column":16},"end":{"line":97,"column":168}},"57":{"start":{"line":98,"column":17},"end":{"line":98,"column":113}},"58":{"start":{"line":100,"column":4},"end":{"line":105,"column":5}},"59":{"start":{"line":101,"column":25},"end":{"line":101,"column":27}},"60":{"start":{"line":102,"column":27},"end":{"line":102,"column":71}},"61":{"start":{"line":103,"column":6},"end":{"line":103,"column":32}},"62":{"start":{"line":104,"column":6},"end":{"line":104,"column":32}},"63":{"start":{"line":107,"column":4},"end":{"line":107,"column":43}},"64":{"start":{"line":108,"column":4},"end":{"line":108,"column":37}},"65":{"start":{"line":110,"column":21},"end":{"line":110,"column":52}},"66":{"start":{"line":111,"column":4},"end":{"line":111,"column":18}},"67":{"start":{"line":116,"column":4},"end":{"line":116,"column":92}},"68":{"start":{"line":117,"column":4},"end":{"line":117,"column":16}},"69":{"start":{"line":122,"column":21},"end":{"line":125,"column":5}},"70":{"start":{"line":126,"column":4},"end":{"line":126,"column":18}},"71":{"start":{"line":131,"column":19},"end":{"line":134,"column":5}},"72":{"start":{"line":135,"column":4},"end":{"line":135,"column":19}},"73":{"start":{"line":140,"column":21},"end":{"line":143,"column":5}},"74":{"start":{"line":144,"column":4},"end":{"line":144,"column":18}}},"fnMap":{"0":{"name":"(anonymous_0)","decl":{"start":{"line":14,"column":11},"end":{"line":14,"column":12}},"loc":{"start":{"line":14,"column":38},"end":{"line":26,"column":3}},"line":14},"1":{"name":"(anonymous_1)","decl":{"start":{"line":20,"column":38},"end":{"line":20,"column":39}},"loc":{"start":{"line":20,"column":43},"end":{"line":20,"column":53}},"line":20},"2":{"name":"(anonymous_2)","decl":{"start":{"line":21,"column":32},"end":{"line":21,"column":33}},"loc":{"start":{"line":21,"column":37},"end":{"line":21,"column":56}},"line":21},"3":{"name":"(anonymous_3)","decl":{"start":{"line":29,"column":12},"end":{"line":29,"column":13}},"loc":{"start":{"line":29,"column":40},"end":{"line":35,"column":3}},"line":29},"4":{"name":"(anonymous_4)","decl":{"start":{"line":38,"column":11},"end":{"line":38,"column":12}},"loc":{"start":{"line":38,"column":33},"end":{"line":49,"column":3}},"line":38},"5":{"name":"(anonymous_5)","decl":{"start":{"line":44,"column":79},"end":{"line":44,"column":80}},"loc":{"start":{"line":44,"column":84},"end":{"line":44,"column":94}},"line":44},"6":{"name":"(anonymous_6)","decl":{"start":{"line":45,"column":28},"end":{"line":45,"column":29}},"loc":{"start":{"line":45,"column":33},"end":{"line":45,"column":41}},"line":45},"7":{"name":"(anonymous_7)","decl":{"start":{"line":52,"column":23},"end":{"line":52,"column":24}},"loc":{"start":{"line":52,"column":45},"end":{"line":63,"column":3}},"line":52},"8":{"name":"(anonymous_8)","decl":{"start":{"line":58,"column":61},"end":{"line":58,"column":62}},"loc":{"start":{"line":58,"column":66},"end":{"line":58,"column":76}},"line":58},"9":{"name":"(anonymous_9)","decl":{"start":{"line":59,"column":28},"end":{"line":59,"column":29}},"loc":{"start":{"line":59,"column":33},"end":{"line":59,"column":41}},"line":59},"10":{"name":"(anonymous_10)","decl":{"start":{"line":66,"column":10},"end":{"line":66,"column":11}},"loc":{"start":{"line":66,"column":26},"end":{"line":78,"column":3}},"line":66},"11":{"name":"(anonymous_11)","decl":{"start":{"line":81,"column":10},"end":{"line":81,"column":11}},"loc":{"start":{"line":81,"column":47},"end":{"line":112,"column":3}},"line":81},"12":{"name":"(anonymous_12)","decl":{"start":{"line":115,"column":10},"end":{"line":115,"column":11}},"loc":{"start":{"line":115,"column":38},"end":{"line":118,"column":3}},"line":115},"13":{"name":"(anonymous_13)","decl":{"start":{"line":121,"column":17},"end":{"line":121,"column":18}},"loc":{"start":{"line":121,"column":54},"end":{"line":127,"column":3}},"line":121},"14":{"name":"(anonymous_14)","decl":{"start":{"line":130,"column":20},"end":{"line":130,"column":21}},"loc":{"start":{"line":130,"column":37},"end":{"line":136,"column":3}},"line":130},"15":{"name":"(anonymous_15)","decl":{"start":{"line":139,"column":18},"end":{"line":139,"column":19}},"loc":{"start":{"line":139,"column":60},"end":{"line":145,"column":3}},"line":139}},"branchMap":{"0":{"loc":{"start":{"line":14,"column":18},"end":{"line":14,"column":33}},"type":"default-arg","locations":[{"start":{"line":14,"column":31},"end":{"line":14,"column":33}}],"line":14},"1":{"loc":{"start":{"line":17,"column":4},"end":{"line":23,"column":5}},"type":"if","locations":[{"start":{"line":17,"column":4},"end":{"line":23,"column":5}},{"start":{},"end":{}}],"line":17},"2":{"loc":{"start":{"line":19,"column":6},"end":{"line":22,"column":7}},"type":"if","locations":[{"start":{"line":19,"column":6},"end":{"line":22,"column":7}},{"start":{},"end":{}}],"line":19},"3":{"loc":{"start":{"line":40,"column":4},"end":{"line":40,"column":28}},"type":"if","locations":[{"start":{"line":40,"column":4},"end":{"line":40,"column":28}},{"start":{},"end":{}}],"line":40},"4":{"loc":{"start":{"line":42,"column":4},"end":{"line":42,"column":39}},"type":"if","locations":[{"start":{"line":42,"column":4},"end":{"line":42,"column":39}},{"start":{},"end":{}}],"line":42},"5":{"loc":{"start":{"line":54,"column":4},"end":{"line":54,"column":28}},"type":"if","locations":[{"start":{"line":54,"column":4},"end":{"line":54,"column":28}},{"start":{},"end":{}}],"line":54},"6":{"loc":{"start":{"line":56,"column":4},"end":{"line":56,"column":39}},"type":"if","locations":[{"start":{"line":56,"column":4},"end":{"line":56,"column":39}},{"start":{},"end":{}}],"line":56},"7":{"loc":{"start":{"line":83,"column":4},"end":{"line":85,"column":5}},"type":"if","locations":[{"start":{"line":83,"column":4},"end":{"line":85,"column":5}},{"start":{},"end":{}}],"line":83},"8":{"loc":{"start":{"line":87,"column":29},"end":{"line":87,"column":143}},"type":"cond-expr","locations":[{"start":{"line":87,"column":94},"end":{"line":87,"column":115}},{"start":{"line":87,"column":118},"end":{"line":87,"column":143}}],"line":87},"9":{"loc":{"start":{"line":88,"column":30},"end":{"line":88,"column":147}},"type":"cond-expr","locations":[{"start":{"line":88,"column":96},"end":{"line":88,"column":118}},{"start":{"line":88,"column":121},"end":{"line":88,"column":147}}],"line":88},"10":{"loc":{"start":{"line":89,"column":19},"end":{"line":89,"column":103}},"type":"cond-expr","locations":[{"start":{"line":89,"column":74},"end":{"line":89,"column":85}},{"start":{"line":89,"column":88},"end":{"line":89,"column":103}}],"line":89},"11":{"loc":{"start":{"line":90,"column":19},"end":{"line":90,"column":103}},"type":"cond-expr","locations":[{"start":{"line":90,"column":74},"end":{"line":90,"column":85}},{"start":{"line":90,"column":88},"end":{"line":90,"column":103}}],"line":90},"12":{"loc":{"start":{"line":91,"column":19},"end":{"line":91,"column":103}},"type":"cond-expr","locations":[{"start":{"line":91,"column":74},"end":{"line":91,"column":85}},{"start":{"line":91,"column":88},"end":{"line":91,"column":103}}],"line":91},"13":{"loc":{"start":{"line":92,"column":20},"end":{"line":92,"column":107}},"type":"cond-expr","locations":[{"start":{"line":92,"column":76},"end":{"line":92,"column":88}},{"start":{"line":92,"column":91},"end":{"line":92,"column":107}}],"line":92},"14":{"loc":{"start":{"line":93,"column":19},"end":{"line":93,"column":103}},"type":"cond-expr","locations":[{"start":{"line":93,"column":74},"end":{"line":93,"column":85}},{"start":{"line":93,"column":88},"end":{"line":93,"column":103}}],"line":93},"15":{"loc":{"start":{"line":94,"column":21},"end":{"line":94,"column":111}},"type":"cond-expr","locations":[{"start":{"line":94,"column":78},"end":{"line":94,"column":91}},{"start":{"line":94,"column":94},"end":{"line":94,"column":111}}],"line":94},"16":{"loc":{"start":{"line":95,"column":19},"end":{"line":95,"column":103}},"type":"cond-expr","locations":[{"start":{"line":95,"column":74},"end":{"line":95,"column":85}},{"start":{"line":95,"column":88},"end":{"line":95,"column":103}}],"line":95},"17":{"loc":{"start":{"line":100,"column":4},"end":{"line":105,"column":5}},"type":"if","locations":[{"start":{"line":100,"column":4},"end":{"line":105,"column":5}},{"start":{},"end":{}}],"line":100}},"s":{"0":5,"1":5,"2":0,"3":0,"4":0,"5":0,"6":0,"7":0,"8":0,"9":0,"10":0,"11":0,"12":0,"13":3,"14":0,"15":0,"16":0,"17":0,"18":0,"19":0,"20":0,"21":0,"22":0,"23":0,"24":0,"25":0,"26":0,"27":0,"28":0,"29":0,"30":0,"31":0,"32":0,"33":0,"34":0,"35":0,"36":0,"37":0,"38":0,"39":0,"40":0,"41":0,"42":0,"43":0,"44":0,"45":0,"46":0,"47":0,"48":0,"49":0,"50":0,"51":0,"52":0,"53":0,"54":0,"55":0,"56":0,"57":0,"58":0,"59":0,"60":0,"61":0,"62":0,"63":0,"64":0,"65":0,"66":0,"67":0,"68":0,"69":0,"70":0,"71":0,"72":0,"73":0,"74":0},"f":{"0":0,"1":0,"2":0,"3":3,"4":0,"5":0,"6":0,"7":0,"8":0,"9":0,"10":0,"11":0,"12":0,"13":0,"14":0,"15":0},"b":{"0":[0],"1":[0,0],"2":[0,0],"3":[0,0],"4":[0,0],"5":[0,0],"6":[0,0],"7":[0,0],"8":[0,0],"9":[0,0],"10":[0,0],"11":[0,0],"12":[0,0],"13":[0,0],"14":[0,0],"15":[0,0],"16":[0,0],"17":[0,0]},"_coverageSchema":"1a1c01bbd47fc00a2c39e90264f33305004495a9","hash":"3b5556ce3df0c6d9b07304085ec625bb17f7622f"}
,"C:\\Users\\duvan\\BACKEND\\servidor\\utils\\historyLogger.js": {"path":"C:\\Users\\duvan\\BACKEND\\servidor\\utils\\historyLogger.js","statementMap":{"0":{"start":{"line":11,"column":26},"end":{"line":23,"column":1}},"1":{"start":{"line":12,"column":4},"end":{"line":22,"column":5}},"2":{"start":{"line":13,"column":8},"end":{"line":19,"column":11}},"3":{"start":{"line":21,"column":8},"end":{"line":21,"column":91}}},"fnMap":{"0":{"name":"(anonymous_0)","decl":{"start":{"line":11,"column":26},"end":{"line":11,"column":27}},"loc":{"start":{"line":11,"column":98},"end":{"line":23,"column":1}},"line":11}},"branchMap":{"0":{"loc":{"start":{"line":14,"column":24},"end":{"line":14,"column":39}},"type":"binary-expr","locations":[{"start":{"line":14,"column":24},"end":{"line":14,"column":34}},{"start":{"line":14,"column":38},"end":{"line":14,"column":39}}],"line":14}},"s":{"0":21,"1":0,"2":0,"3":0},"f":{"0":0},"b":{"0":[0,0]},"_coverageSchema":"1a1c01bbd47fc00a2c39e90264f33305004495a9","hash":"7687ac9006d792cfede6e41ea75d56549ab6c908"}
,"C:\\Users\\duvan\\BACKEND\\servidor\\utils\\mailer.js": {"path":"C:\\Users\\duvan\\BACKEND\\servidor\\utils\\mailer.js","statementMap":{"0":{"start":{"line":3,"column":0},"end":{"line":3,"column":16}},"1":{"start":{"line":6,"column":20},"end":{"line":14,"column":2}},"2":{"start":{"line":21,"column":40},"end":{"line":55,"column":1}},"3":{"start":{"line":22,"column":23},"end":{"line":22,"column":74}},"4":{"start":{"line":23,"column":29},"end":{"line":23,"column":70}},"5":{"start":{"line":25,"column":22},"end":{"line":45,"column":3}},"6":{"start":{"line":47,"column":2},"end":{"line":54,"column":3}},"7":{"start":{"line":48,"column":17},"end":{"line":48,"column":56}},"8":{"start":{"line":49,"column":4},"end":{"line":49,"column":54}},"9":{"start":{"line":50,"column":4},"end":{"line":50,"column":16}},"10":{"start":{"line":52,"column":4},"end":{"line":52,"column":51}},"11":{"start":{"line":53,"column":4},"end":{"line":53,"column":17}},"12":{"start":{"line":63,"column":38},"end":{"line":111,"column":1}},"13":{"start":{"line":64,"column":23},"end":{"line":64,"column":74}},"14":{"start":{"line":65,"column":19},"end":{"line":65,"column":42}},"15":{"start":{"line":67,"column":21},"end":{"line":67,"column":40}},"16":{"start":{"line":68,"column":17},"end":{"line":68,"column":68}},"17":{"start":{"line":69,"column":16},"end":{"line":69,"column":50}},"18":{"start":{"line":71,"column":20},"end":{"line":75,"column":3}},"19":{"start":{"line":77,"column":2},"end":{"line":92,"column":3}},"20":{"start":{"line":78,"column":4},"end":{"line":85,"column":6}},"21":{"start":{"line":87,"column":4},"end":{"line":91,"column":6}},"22":{"start":{"line":94,"column":2},"end":{"line":94,"column":26}},"23":{"start":{"line":96,"column":22},"end":{"line":101,"column":3}},"24":{"start":{"line":103,"column":2},"end":{"line":110,"column":3}},"25":{"start":{"line":104,"column":17},"end":{"line":104,"column":56}},"26":{"start":{"line":105,"column":4},"end":{"line":105,"column":76}},"27":{"start":{"line":106,"column":4},"end":{"line":106,"column":16}},"28":{"start":{"line":108,"column":4},"end":{"line":108,"column":73}},"29":{"start":{"line":109,"column":4},"end":{"line":109,"column":17}}},"fnMap":{"0":{"name":"(anonymous_0)","decl":{"start":{"line":21,"column":40},"end":{"line":21,"column":41}},"loc":{"start":{"line":21,"column":71},"end":{"line":55,"column":1}},"line":21},"1":{"name":"(anonymous_1)","decl":{"start":{"line":63,"column":38},"end":{"line":63,"column":39}},"loc":{"start":{"line":63,"column":90},"end":{"line":111,"column":1}},"line":63}},"branchMap":{"0":{"loc":{"start":{"line":7,"column":8},"end":{"line":7,"column":50}},"type":"binary-expr","locations":[{"start":{"line":7,"column":8},"end":{"line":7,"column":30}},{"start":{"line":7,"column":34},"end":{"line":7,"column":50}}],"line":7},"1":{"loc":{"start":{"line":8,"column":8},"end":{"line":8,"column":37}},"type":"binary-expr","locations":[{"start":{"line":8,"column":8},"end":{"line":8,"column":30}},{"start":{"line":8,"column":34},"end":{"line":8,"column":37}}],"line":8},"2":{"loc":{"start":{"line":11,"column":10},"end":{"line":11,"column":54}},"type":"binary-expr","locations":[{"start":{"line":11,"column":10},"end":{"line":11,"column":32}},{"start":{"line":11,"column":36},"end":{"line":11,"column":54}}],"line":11},"3":{"loc":{"start":{"line":12,"column":10},"end":{"line":12,"column":46}},"type":"binary-expr","locations":[{"start":{"line":12,"column":10},"end":{"line":12,"column":32}},{"start":{"line":12,"column":36},"end":{"line":12,"column":46}}],"line":12},"4":{"loc":{"start":{"line":22,"column":23},"end":{"line":22,"column":74}},"type":"binary-expr","locations":[{"start":{"line":22,"column":23},"end":{"line":22,"column":47}},{"start":{"line":22,"column":51},"end":{"line":22,"column":74}}],"line":22},"5":{"loc":{"start":{"line":26,"column":28},"end":{"line":26,"column":72}},"type":"binary-expr","locations":[{"start":{"line":26,"column":28},"end":{"line":26,"column":50}},{"start":{"line":26,"column":54},"end":{"line":26,"column":72}}],"line":26},"6":{"loc":{"start":{"line":63,"column":67},"end":{"line":63,"column":85}},"type":"default-arg","locations":[{"start":{"line":63,"column":83},"end":{"line":63,"column":85}}],"line":63},"7":{"loc":{"start":{"line":64,"column":23},"end":{"line":64,"column":74}},"type":"binary-expr","locations":[{"start":{"line":64,"column":23},"end":{"line":64,"column":47}},{"start":{"line":64,"column":51},"end":{"line":64,"column":74}}],"line":64},"8":{"loc":{"start":{"line":68,"column":17},"end":{"line":68,"column":68}},"type":"cond-expr","locations":[{"start":{"line":68,"column":30},"end":{"line":68,"column":47}},{"start":{"line":68,"column":50},"end":{"line":68,"column":68}}],"line":68},"9":{"loc":{"start":{"line":69,"column":16},"end":{"line":69,"column":50}},"type":"cond-expr","locations":[{"start":{"line":69,"column":29},"end":{"line":69,"column":38}},{"start":{"line":69,"column":41},"end":{"line":69,"column":50}}],"line":69},"10":{"loc":{"start":{"line":77,"column":2},"end":{"line":92,"column":3}},"type":"if","locations":[{"start":{"line":77,"column":2},"end":{"line":92,"column":3}},{"start":{"line":86,"column":9},"end":{"line":92,"column":3}}],"line":77},"11":{"loc":{"start":{"line":89,"column":36},"end":{"line":89,"column":70}},"type":"binary-expr","locations":[{"start":{"line":89,"column":36},"end":{"line":89,"column":49}},{"start":{"line":89,"column":53},"end":{"line":89,"column":70}}],"line":89},"12":{"loc":{"start":{"line":97,"column":28},"end":{"line":97,"column":72}},"type":"binary-expr","locations":[{"start":{"line":97,"column":28},"end":{"line":97,"column":50}},{"start":{"line":97,"column":54},"end":{"line":97,"column":72}}],"line":97}},"s":{"0":5,"1":5,"2":5,"3":0,"4":0,"5":0,"6":0,"7":0,"8":0,"9":0,"10":0,"11":0,"12":5,"13":0,"14":0,"15":0,"16":0,"17":0,"18":0,"19":0,"20":0,"21":0,"22":0,"23":0,"24":0,"25":0,"26":0,"27":0,"28":0,"29":0},"f":{"0":0,"1":0},"b":{"0":[5,0],"1":[5,0],"2":[5,0],"3":[5,0],"4":[0,0],"5":[0,0],"6":[0],"7":[0,0],"8":[0,0],"9":[0,0],"10":[0,0],"11":[0,0],"12":[0,0]},"_coverageSchema":"1a1c01bbd47fc00a2c39e90264f33305004495a9","hash":"ab51e66c9abdd13091bef2e1111cddfea43111d3"}
}
