TN:
SF:controllers\adminController.js
FN:6,(anonymous_0)
FN:22,(anonymous_1)
FN:55,(anonymous_2)
FN:64,(anonymous_3)
FN:77,(anonymous_4)
FN:100,(anonymous_5)
FN:127,(anonymous_6)
FNF:7
FNH:7
FNDA:17,(anonymous_0)
FNDA:9,(anonymous_1)
FNDA:4,(anonymous_2)
FNDA:6,(anonymous_3)
FNDA:8,(anonymous_4)
FNDA:9,(anonymous_5)
FNDA:9,(anonymous_6)
DA:6,6
DA:7,17
DA:8,17
DA:9,17
DA:10,17
DA:11,17
DA:12,17
DA:13,17
DA:14,17
DA:16,17
DA:17,17
DA:18,17
DA:22,6
DA:23,9
DA:24,9
DA:26,9
DA:27,7
DA:28,2
DA:31,5
DA:32,4
DA:33,1
DA:37,3
DA:40,2
DA:42,2
DA:50,4
DA:51,4
DA:55,6
DA:56,4
DA:57,4
DA:58,2
DA:60,2
DA:64,6
DA:65,6
DA:66,6
DA:67,6
DA:68,4
DA:69,3
DA:71,1
DA:73,2
DA:77,6
DA:78,8
DA:79,8
DA:80,8
DA:81,5
DA:83,4
DA:91,3
DA:93,5
DA:94,2
DA:96,3
DA:100,6
DA:101,9
DA:102,9
DA:103,9
DA:104,9
DA:105,7
DA:106,6
DA:107,2
DA:110,4
DA:118,3
DA:120,4
DA:121,1
DA:123,3
DA:127,6
DA:128,9
DA:129,9
DA:130,9
DA:131,8
DA:132,3
DA:134,5
DA:136,4
DA:144,3
DA:146,3
LF:72
LH:72
BRDA:8,0,0,15
BRDA:8,0,1,2
BRDA:9,1,0,1
BRDA:9,1,1,16
BRDA:10,2,0,16
BRDA:10,2,1,1
BRDA:11,3,0,9
BRDA:11,3,1,8
BRDA:12,4,0,8
BRDA:12,4,1,9
BRDA:13,5,0,11
BRDA:13,5,1,6
BRDA:14,6,0,2
BRDA:14,6,1,15
BRDA:27,7,0,2
BRDA:27,7,1,5
BRDA:32,8,0,1
BRDA:32,8,1,3
BRDA:68,9,0,3
BRDA:68,9,1,1
BRDA:68,10,0,4
BRDA:68,10,1,3
BRDA:84,11,0,4
BRDA:84,11,1,1
BRDA:93,12,0,2
BRDA:93,12,1,3
BRDA:105,13,0,7
BRDA:105,13,1,1
BRDA:106,14,0,2
BRDA:106,14,1,4
BRDA:106,15,0,6
BRDA:106,15,1,5
BRDA:111,16,0,4
BRDA:111,16,1,1
BRDA:120,17,0,1
BRDA:120,17,1,3
BRDA:131,18,0,3
BRDA:131,18,1,5
BRDA:131,19,0,8
BRDA:131,19,1,7
BRDA:137,20,0,4
BRDA:137,20,1,1
BRF:42
BRH:42
end_of_record
TN:
SF:controllers\categoriasController.js
FN:8,(anonymous_0)
FN:21,(anonymous_1)
FN:38,(anonymous_2)
FN:52,(anonymous_3)
FN:77,(anonymous_4)
FN:106,(anonymous_5)
FN:150,(anonymous_6)
FNF:7
FNH:7
FNDA:3,(anonymous_0)
FNDA:3,(anonymous_1)
FNDA:3,(anonymous_2)
FNDA:6,(anonymous_3)
FNDA:5,(anonymous_4)
FNDA:10,(anonymous_5)
FNDA:4,(anonymous_6)
DA:8,7
DA:9,3
DA:10,3
DA:11,2
DA:13,1
DA:14,1
DA:21,7
DA:22,3
DA:23,3
DA:24,3
DA:25,2
DA:26,1
DA:28,1
DA:30,1
DA:31,1
DA:38,7
DA:39,3
DA:40,3
DA:41,3
DA:42,2
DA:44,1
DA:45,1
DA:52,7
DA:53,6
DA:54,6
DA:56,4
DA:64,4
DA:66,2
DA:67,1
DA:69,1
DA:70,1
DA:77,7
DA:78,5
DA:79,5
DA:80,5
DA:81,3
DA:82,1
DA:85,2
DA:93,2
DA:95,2
DA:96,1
DA:98,1
DA:99,1
DA:106,7
DA:107,10
DA:108,10
DA:110,10
DA:111,10
DA:112,8
DA:113,7
DA:114,3
DA:122,6
DA:123,5
DA:124,1
DA:127,4
DA:128,2
DA:129,1
DA:132,3
DA:140,3
DA:142,3
DA:143,3
DA:150,7
DA:151,4
DA:152,4
DA:153,4
DA:154,3
DA:155,1
DA:159,2
DA:160,1
DA:162,1
DA:164,2
DA:165,2
LF:72
LH:72
BRDA:25,0,0,1
BRDA:25,0,1,1
BRDA:57,1,0,4
BRDA:57,1,1,1
BRDA:59,2,0,4
BRDA:59,2,1,1
BRDA:61,3,0,4
BRDA:61,3,1,1
BRDA:66,4,0,1
BRDA:66,4,1,1
BRDA:81,5,0,1
BRDA:81,5,1,2
BRDA:86,6,0,2
BRDA:86,6,1,1
BRDA:95,7,0,1
BRDA:95,7,1,1
BRDA:111,8,0,8
BRDA:111,8,1,2
BRDA:113,9,0,3
BRDA:113,9,1,4
BRDA:113,10,0,7
BRDA:113,10,1,5
BRDA:123,11,0,1
BRDA:123,11,1,4
BRDA:127,12,0,2
BRDA:127,12,1,2
BRDA:133,13,0,3
BRDA:133,13,1,1
BRDA:154,14,0,1
BRDA:154,14,1,2
BRF:30
BRH:30
end_of_record
TN:
SF:controllers\clientesController.js
FN:7,(anonymous_0)
FN:24,(anonymous_1)
FN:76,(anonymous_2)
FN:85,(anonymous_3)
FN:98,(anonymous_4)
FN:121,(anonymous_5)
FN:151,(anonymous_6)
FN:177,(anonymous_7)
FN:189,(anonymous_8)
FNF:9
FNH:6
FNDA:10,(anonymous_0)
FNDA:0,(anonymous_1)
FNDA:3,(anonymous_2)
FNDA:4,(anonymous_3)
FNDA:4,(anonymous_4)
FNDA:7,(anonymous_5)
FNDA:6,(anonymous_6)
FNDA:0,(anonymous_7)
FNDA:0,(anonymous_8)
DA:7,5
DA:8,10
DA:9,10
DA:10,10
DA:11,10
DA:12,10
DA:13,10
DA:14,10
DA:15,10
DA:16,10
DA:18,10
DA:19,10
DA:20,10
DA:24,5
DA:25,0
DA:28,0
DA:29,0
DA:35,0
DA:37,0
DA:38,0
DA:39,0
DA:42,0
DA:43,0
DA:44,0
DA:47,0
DA:48,0
DA:50,0
DA:51,0
DA:53,0
DA:54,0
DA:58,0
DA:61,0
DA:63,0
DA:71,0
DA:72,0
DA:76,5
DA:77,3
DA:78,3
DA:79,2
DA:81,1
DA:85,5
DA:86,4
DA:87,4
DA:88,4
DA:89,3
DA:90,2
DA:92,1
DA:94,1
DA:98,5
DA:99,4
DA:100,4
DA:101,4
DA:102,2
DA:104,2
DA:112,2
DA:114,2
DA:115,1
DA:117,1
DA:121,5
DA:122,7
DA:123,7
DA:124,1
DA:126,6
DA:127,6
DA:128,6
DA:129,4
DA:130,4
DA:131,1
DA:134,3
DA:142,3
DA:144,2
DA:145,1
DA:147,1
DA:151,5
DA:152,6
DA:153,6
DA:154,1
DA:156,5
DA:157,5
DA:158,4
DA:159,2
DA:161,2
DA:163,2
DA:171,2
DA:173,1
DA:177,5
DA:178,0
DA:179,0
DA:180,0
DA:181,0
DA:183,0
DA:185,0
DA:189,5
DA:190,0
DA:191,0
DA:193,0
DA:194,0
DA:197,0
DA:198,0
DA:201,0
DA:202,0
DA:203,0
DA:204,0
DA:207,0
DA:208,0
DA:211,0
DA:213,0
DA:215,0
DA:224,0
DA:226,0
DA:231,0
LF:111
LH:66
BRDA:9,0,0,6
BRDA:9,0,1,4
BRDA:10,1,0,0
BRDA:10,1,1,10
BRDA:11,2,0,10
BRDA:11,2,1,0
BRDA:12,3,0,0
BRDA:12,3,1,10
BRDA:13,4,0,0
BRDA:13,4,1,10
BRDA:14,5,0,2
BRDA:14,5,1,8
BRDA:15,6,0,0
BRDA:15,6,1,10
BRDA:16,7,0,0
BRDA:16,7,1,10
BRDA:28,8,0,0
BRDA:28,8,1,0
BRDA:28,9,0,0
BRDA:28,9,1,0
BRDA:28,9,2,0
BRDA:28,9,3,0
BRDA:38,10,0,0
BRDA:38,10,1,0
BRDA:43,11,0,0
BRDA:43,11,1,0
BRDA:47,12,0,0
BRDA:47,12,1,0
BRDA:50,13,0,0
BRDA:50,13,1,0
BRDA:53,14,0,0
BRDA:53,14,1,0
BRDA:89,15,0,2
BRDA:89,15,1,1
BRDA:89,16,0,3
BRDA:89,16,1,2
BRDA:105,17,0,2
BRDA:105,17,1,1
BRDA:114,18,0,1
BRDA:114,18,1,1
BRDA:122,19,0,7
BRDA:122,19,1,2
BRDA:123,20,0,1
BRDA:123,20,1,6
BRDA:129,21,0,4
BRDA:129,21,1,3
BRDA:130,22,0,1
BRDA:130,22,1,3
BRDA:130,23,0,4
BRDA:130,23,1,3
BRDA:135,24,0,3
BRDA:135,24,1,1
BRDA:144,25,0,1
BRDA:144,25,1,1
BRDA:153,26,0,1
BRDA:153,26,1,5
BRDA:158,27,0,2
BRDA:158,27,1,2
BRDA:158,28,0,4
BRDA:158,28,1,3
BRDA:164,29,0,2
BRDA:164,29,1,1
BRDA:180,30,0,0
BRDA:180,30,1,0
BRDA:193,31,0,0
BRDA:193,31,1,0
BRDA:193,32,0,0
BRDA:193,32,1,0
BRDA:193,32,2,0
BRDA:197,33,0,0
BRDA:197,33,1,0
BRDA:197,34,0,0
BRDA:197,34,1,0
BRDA:197,34,2,0
BRDA:203,35,0,0
BRDA:203,35,1,0
BRDA:203,36,0,0
BRDA:203,36,1,0
BRDA:207,37,0,0
BRDA:207,37,1,0
BRDA:211,38,0,0
BRDA:211,38,1,0
BRDA:216,39,0,0
BRDA:216,39,1,0
BRDA:228,40,0,0
BRDA:228,40,1,0
BRF:86
BRH:40
end_of_record
TN:
SF:controllers\comprobanteController.js
FN:5,(anonymous_0)
FN:15,(anonymous_1)
FN:29,(anonymous_2)
FN:48,(anonymous_3)
FN:68,(anonymous_4)
FN:97,(anonymous_5)
FN:197,(anonymous_6)
FN:229,(anonymous_7)
FNF:8
FNH:7
FNDA:3,(anonymous_0)
FNDA:3,(anonymous_1)
FNDA:4,(anonymous_2)
FNDA:3,(anonymous_3)
FNDA:3,(anonymous_4)
FNDA:9,(anonymous_5)
FNDA:0,(anonymous_6)
FNDA:9,(anonymous_7)
DA:5,7
DA:6,3
DA:7,3
DA:8,2
DA:10,1
DA:11,1
DA:15,7
DA:16,3
DA:17,3
DA:18,3
DA:19,2
DA:20,1
DA:22,1
DA:24,1
DA:25,1
DA:29,7
DA:30,4
DA:31,4
DA:33,3
DA:41,3
DA:43,1
DA:44,1
DA:48,7
DA:49,3
DA:50,3
DA:51,3
DA:53,2
DA:61,2
DA:63,1
DA:64,1
DA:68,7
DA:69,3
DA:70,3
DA:71,3
DA:73,2
DA:81,2
DA:83,1
DA:84,1
DA:97,7
DA:98,9
DA:99,9
DA:100,9
DA:101,9
DA:104,9
DA:109,8
DA:110,1
DA:113,7
DA:116,7
DA:121,7
DA:122,1
DA:126,6
DA:130,6
DA:131,6
DA:134,6
DA:139,6
DA:140,1
DA:148,5
DA:149,5
DA:150,5
DA:151,5
DA:152,5
DA:155,5
DA:157,5
DA:164,5
DA:172,5
DA:185,1
DA:186,1
DA:197,7
DA:198,0
DA:199,0
DA:201,0
DA:202,0
DA:205,0
DA:218,0
DA:220,0
DA:221,0
DA:229,7
DA:230,9
DA:231,9
DA:232,9
DA:235,9
DA:240,8
DA:241,2
DA:244,6
DA:245,2
DA:249,4
DA:255,3
DA:263,2
DA:265,3
DA:266,3
LF:90
LH:82
BRDA:19,0,0,1
BRDA:19,0,1,1
BRDA:34,1,0,3
BRDA:34,1,1,1
BRDA:36,2,0,3
BRDA:36,2,1,1
BRDA:54,3,0,2
BRDA:54,3,1,1
BRDA:74,4,0,2
BRDA:74,4,1,1
BRDA:101,5,0,9
BRDA:101,5,1,2
BRDA:109,6,0,1
BRDA:109,6,1,7
BRDA:109,7,0,8
BRDA:109,7,1,8
BRDA:121,8,0,1
BRDA:121,8,1,6
BRDA:121,9,0,7
BRDA:121,9,1,7
BRDA:130,10,0,6
BRDA:130,10,1,1
BRDA:139,11,0,1
BRDA:139,11,1,5
BRDA:139,12,0,6
BRDA:139,12,1,6
BRDA:151,13,0,5
BRDA:151,13,1,4
BRDA:155,14,0,5
BRDA:155,14,1,2
BRDA:165,15,0,5
BRDA:165,15,1,1
BRDA:167,16,0,5
BRDA:167,16,1,0
BRDA:199,17,0,0
BRDA:199,17,1,0
BRDA:201,18,0,0
BRDA:201,18,1,0
BRDA:240,19,0,2
BRDA:240,19,1,6
BRDA:240,20,0,8
BRDA:240,20,1,7
BRDA:244,21,0,2
BRDA:244,21,1,4
BRDA:256,22,0,3
BRDA:256,22,1,1
BRF:46
BRH:41
end_of_record
TN:
SF:controllers\detalleOrdenServicioController.js
FN:6,(anonymous_0)
FN:17,(anonymous_1)
FN:33,(anonymous_2)
FN:54,(anonymous_3)
FN:109,(anonymous_4)
FN:141,(anonymous_5)
FNF:6
FNH:6
FNDA:3,(anonymous_0)
FNDA:5,(anonymous_1)
FNDA:6,(anonymous_2)
FNDA:17,(anonymous_3)
FNDA:9,(anonymous_4)
FNDA:9,(anonymous_5)
DA:6,6
DA:7,3
DA:8,3
DA:9,2
DA:11,1
DA:12,1
DA:17,6
DA:18,5
DA:19,5
DA:20,5
DA:22,4
DA:23,2
DA:26,2
DA:28,1
DA:33,6
DA:34,6
DA:35,6
DA:36,6
DA:38,6
DA:39,1
DA:42,5
DA:43,4
DA:45,1
DA:46,1
DA:54,6
DA:55,17
DA:57,17
DA:58,17
DA:59,17
DA:61,17
DA:64,17
DA:66,17
DA:67,11
DA:68,10
DA:69,6
DA:70,6
DA:71,5
DA:73,5
DA:74,1
DA:76,4
DA:80,14
DA:81,14
DA:82,14
DA:84,14
DA:86,14
DA:89,13
DA:90,4
DA:93,12
DA:101,12
DA:103,4
DA:104,4
DA:109,6
DA:110,9
DA:111,9
DA:112,9
DA:114,9
DA:115,1
DA:118,8
DA:119,8
DA:121,6
DA:122,1
DA:125,5
DA:133,4
DA:135,3
DA:136,3
DA:141,6
DA:142,9
DA:143,9
DA:144,9
DA:146,9
DA:147,1
DA:150,8
DA:152,6
DA:153,1
DA:156,5
DA:164,4
DA:166,3
DA:167,3
LF:78
LH:78
BRDA:22,0,0,2
BRDA:22,0,1,2
BRDA:22,1,0,4
BRDA:22,1,1,3
BRDA:36,2,0,6
BRDA:36,2,1,2
BRDA:38,3,0,1
BRDA:38,3,1,5
BRDA:58,4,0,6
BRDA:58,4,1,11
BRDA:58,5,0,17
BRDA:58,5,1,12
BRDA:58,5,2,12
BRDA:59,6,0,11
BRDA:59,6,1,6
BRDA:59,7,0,17
BRDA:59,7,1,7
BRDA:59,7,2,7
BRDA:64,8,0,17
BRDA:64,8,1,1
BRDA:66,9,0,11
BRDA:66,9,1,6
BRDA:68,10,0,10
BRDA:68,10,1,0
BRDA:68,11,0,10
BRDA:68,11,1,1
BRDA:69,12,0,6
BRDA:69,12,1,0
BRDA:71,13,0,5
BRDA:71,13,1,0
BRDA:73,14,0,1
BRDA:73,14,1,4
BRDA:76,15,0,4
BRDA:76,15,1,0
BRDA:84,16,0,12
BRDA:84,16,1,2
BRDA:84,17,0,14
BRDA:84,17,1,2
BRDA:89,18,0,4
BRDA:89,18,1,9
BRDA:94,19,0,12
BRDA:94,19,1,1
BRDA:96,20,0,12
BRDA:96,20,1,2
BRDA:96,20,2,1
BRDA:98,21,0,12
BRDA:98,21,1,11
BRDA:98,21,2,10
BRDA:112,22,0,9
BRDA:112,22,1,2
BRDA:114,23,0,1
BRDA:114,23,1,8
BRDA:121,24,0,1
BRDA:121,24,1,5
BRDA:126,25,0,5
BRDA:126,25,1,1
BRDA:144,26,0,9
BRDA:144,26,1,2
BRDA:146,27,0,1
BRDA:146,27,1,8
BRDA:152,28,0,1
BRDA:152,28,1,5
BRDA:157,29,0,5
BRDA:157,29,1,1
BRF:64
BRH:60
end_of_record
TN:
SF:controllers\historialController.js
FN:6,(anonymous_0)
FN:25,(anonymous_1)
FN:51,(anonymous_2)
FN:70,(anonymous_3)
FN:90,(anonymous_4)
FN:110,(anonymous_5)
FNF:6
FNH:6
FNDA:3,(anonymous_0)
FNDA:3,(anonymous_1)
FNDA:4,(anonymous_2)
FNDA:5,(anonymous_3)
FNDA:5,(anonymous_4)
FNDA:5,(anonymous_5)
DA:6,6
DA:7,3
DA:8,3
DA:9,2
DA:14,1
DA:15,1
DA:25,6
DA:26,3
DA:27,3
DA:28,3
DA:29,2
DA:30,1
DA:35,1
DA:40,1
DA:41,1
DA:51,6
DA:52,4
DA:53,4
DA:54,2
DA:59,2
DA:60,2
DA:70,6
DA:71,5
DA:72,5
DA:73,5
DA:74,2
DA:79,3
DA:80,3
DA:90,6
DA:91,5
DA:92,5
DA:93,5
DA:94,2
DA:99,3
DA:100,3
DA:110,6
DA:111,5
DA:112,5
DA:113,5
DA:114,2
DA:117,3
DA:118,2
DA:123,1
DA:124,1
LF:44
LH:44
BRDA:29,0,0,1
BRDA:29,0,1,1
BRDA:113,1,0,2
BRDA:113,1,1,3
BRF:4
BRH:4
end_of_record
TN:
SF:controllers\informeController.js
FN:10,(anonymous_0)
FN:23,(anonymous_1)
FN:57,(anonymous_2)
FN:74,(anonymous_3)
FN:126,(anonymous_4)
FN:168,(anonymous_5)
FN:196,(anonymous_6)
FNF:7
FNH:7
FNDA:3,(anonymous_0)
FNDA:6,(anonymous_1)
FNDA:3,(anonymous_2)
FNDA:6,(anonymous_3)
FNDA:7,(anonymous_4)
FNDA:6,(anonymous_5)
FNDA:6,(anonymous_6)
DA:10,7
DA:11,3
DA:12,3
DA:13,2
DA:15,1
DA:16,1
DA:23,7
DA:24,6
DA:25,6
DA:26,6
DA:27,1
DA:31,5
DA:36,4
DA:37,1
DA:40,3
DA:41,3
DA:46,2
DA:48,2
DA:49,2
DA:57,7
DA:58,3
DA:59,3
DA:60,3
DA:61,2
DA:62,1
DA:64,1
DA:66,1
DA:67,1
DA:74,7
DA:75,6
DA:82,6
DA:84,6
DA:85,3
DA:91,3
DA:100,2
DA:101,2
DA:104,1
DA:112,1
DA:118,2
DA:119,2
DA:126,7
DA:127,7
DA:128,7
DA:129,7
DA:130,6
DA:131,1
DA:134,5
DA:136,5
DA:144,4
DA:146,3
DA:152,3
DA:160,3
DA:161,3
DA:168,7
DA:169,6
DA:170,6
DA:171,6
DA:172,5
DA:173,1
DA:176,4
DA:178,3
DA:186,3
DA:188,2
DA:189,2
DA:196,7
DA:197,6
DA:198,6
DA:199,6
DA:200,6
DA:203,6
DA:204,1
DA:207,5
DA:208,5
DA:211,5
DA:212,1
DA:213,1
DA:216,5
DA:218,5
DA:220,4
DA:221,1
DA:224,3
DA:232,3
DA:234,1
DA:235,1
LF:84
LH:84
BRDA:25,0,0,6
BRDA:25,0,1,2
BRDA:26,1,0,1
BRDA:26,1,1,5
BRDA:36,2,0,1
BRDA:36,2,1,3
BRDA:36,3,0,4
BRDA:36,3,1,4
BRDA:61,4,0,1
BRDA:61,4,1,1
BRDA:84,5,0,3
BRDA:84,5,1,3
BRDA:84,6,0,6
BRDA:84,6,1,4
BRDA:130,7,0,1
BRDA:130,7,1,5
BRDA:137,8,0,5
BRDA:137,8,1,4
BRDA:138,9,0,5
BRDA:138,9,1,4
BRDA:139,10,0,5
BRDA:139,10,1,0
BRDA:140,11,0,5
BRDA:140,11,1,4
BRDA:141,12,0,5
BRDA:141,12,1,4
BRDA:153,13,0,3
BRDA:153,13,1,1
BRDA:153,13,2,0
BRDA:172,14,0,1
BRDA:172,14,1,4
BRDA:179,15,0,3
BRDA:179,15,1,2
BRDA:179,15,2,1
BRDA:199,16,0,6
BRDA:199,16,1,1
BRDA:200,17,0,6
BRDA:200,17,1,1
BRDA:203,18,0,1
BRDA:203,18,1,5
BRDA:211,19,0,1
BRDA:211,19,1,4
BRDA:220,20,0,1
BRDA:220,20,1,3
BRDA:225,21,0,3
BRDA:225,21,1,0
BRF:46
BRH:43
end_of_record
TN:
SF:controllers\motosController.js
FN:8,(anonymous_0)
FN:27,(anonymous_1)
FN:44,(anonymous_2)
FN:89,(anonymous_3)
FN:121,(anonymous_4)
FNF:5
FNH:5
FNDA:3,(anonymous_0)
FNDA:3,(anonymous_1)
FNDA:9,(anonymous_2)
FNDA:6,(anonymous_3)
FNDA:7,(anonymous_4)
DA:8,5
DA:9,3
DA:10,3
DA:11,2
DA:16,1
DA:17,1
DA:27,5
DA:28,3
DA:29,3
DA:30,3
DA:31,2
DA:32,1
DA:34,1
DA:36,1
DA:37,1
DA:44,5
DA:45,9
DA:46,9
DA:47,9
DA:48,3
DA:50,0
DA:51,0
DA:52,0
DA:54,0
DA:55,0
DA:60,6
DA:62,4
DA:70,4
DA:75,5
DA:76,1
DA:78,4
DA:79,4
DA:89,5
DA:90,6
DA:91,6
DA:92,6
DA:94,3
DA:102,3
DA:107,3
DA:108,1
DA:110,2
DA:111,2
DA:121,5
DA:122,7
DA:123,7
DA:124,7
DA:126,4
DA:134,3
DA:139,4
DA:140,1
DA:142,3
DA:143,3
LF:52
LH:47
BRDA:31,0,0,1
BRDA:31,0,1,1
BRDA:46,1,0,9
BRDA:46,1,1,6
BRDA:46,1,2,6
BRDA:47,2,0,3
BRDA:47,2,1,6
BRDA:50,3,0,0
BRDA:50,3,1,0
BRDA:50,4,0,0
BRDA:50,4,1,0
BRDA:54,5,0,0
BRDA:54,5,1,0
BRDA:54,6,0,0
BRDA:54,6,1,0
BRDA:54,6,2,0
BRDA:54,6,3,0
BRDA:63,7,0,4
BRDA:63,7,1,1
BRDA:65,8,0,4
BRDA:65,8,1,3
BRDA:65,8,2,0
BRDA:67,9,0,4
BRDA:67,9,1,2
BRDA:67,9,2,1
BRDA:75,10,0,1
BRDA:75,10,1,4
BRDA:95,11,0,3
BRDA:95,11,1,1
BRDA:107,12,0,1
BRDA:107,12,1,2
BRDA:127,13,0,4
BRDA:127,13,1,1
BRDA:139,14,0,1
BRDA:139,14,1,3
BRF:35
BRH:24
end_of_record
TN:
SF:controllers\ordenServicioController.js
FN:6,(anonymous_0)
FN:39,(anonymous_1)
FN:54,(anonymous_2)
FN:129,(anonymous_3)
FN:319,(anonymous_4)
FN:403,(anonymous_5)
FNF:6
FNH:6
FNDA:5,(anonymous_0)
FNDA:3,(anonymous_1)
FNDA:8,(anonymous_2)
FNDA:15,(anonymous_3)
FNDA:20,(anonymous_4)
FNDA:10,(anonymous_5)
DA:6,6
DA:7,5
DA:8,5
DA:11,4
DA:12,4
DA:28,3
DA:31,3
DA:33,2
DA:34,2
DA:39,6
DA:40,3
DA:41,3
DA:42,3
DA:43,2
DA:44,1
DA:46,1
DA:48,1
DA:49,1
DA:54,6
DA:55,8
DA:56,8
DA:57,8
DA:58,1
DA:61,7
DA:62,7
DA:64,7
DA:65,1
DA:68,6
DA:69,6
DA:71,6
DA:73,4
DA:76,2
DA:80,6
DA:101,5
DA:102,6
DA:118,5
DA:121,4
DA:123,2
DA:124,2
DA:129,6
DA:130,15
DA:131,15
DA:132,15
DA:138,15
DA:139,15
DA:140,1
DA:141,1
DA:144,14
DA:147,14
DA:148,12
DA:152,12
DA:153,11
DA:154,1
DA:155,1
DA:157,10
DA:162,13
DA:163,1
DA:167,1
DA:168,1
DA:169,0
DA:170,0
DA:172,1
DA:177,13
DA:178,1
DA:182,1
DA:183,1
DA:184,0
DA:185,0
DA:187,1
DA:191,13
DA:192,1
DA:193,1
DA:199,12
DA:200,1
DA:203,11
DA:204,1
DA:205,1
DA:209,1
DA:212,10
DA:216,9
DA:217,1
DA:218,1
DA:223,8
DA:226,10
DA:227,10
DA:230,10
DA:247,10
DA:250,10
DA:252,10
DA:253,4
DA:254,4
DA:255,4
DA:256,4
DA:258,4
DA:259,1
DA:260,1
DA:261,3
DA:262,3
DA:263,3
DA:264,3
DA:265,1
DA:266,1
DA:268,2
DA:270,2
DA:274,3
DA:276,3
DA:285,9
DA:290,9
DA:292,8
DA:300,8
DA:310,2
DA:311,2
DA:312,2
DA:314,15
DA:319,6
DA:320,20
DA:321,20
DA:322,1
DA:324,19
DA:326,19
DA:327,18
DA:328,1
DA:332,17
DA:333,17
DA:335,17
DA:337,10
DA:338,10
DA:339,1
DA:342,9
DA:343,2
DA:346,7
DA:347,0
DA:349,7
DA:350,1
DA:352,6
DA:353,1
DA:358,12
DA:370,12
DA:373,11
DA:374,3
DA:378,10
DA:379,2
DA:382,10
DA:385,10
DA:386,5
DA:395,10
DA:397,3
DA:398,3
DA:403,6
DA:404,10
DA:405,10
DA:406,1
DA:408,9
DA:410,9
DA:411,8
DA:412,2
DA:414,8
DA:415,1
DA:419,7
DA:422,6
DA:424,5
DA:432,4
DA:434,4
DA:435,4
LF:164
LH:159
BRDA:43,0,0,1
BRDA:43,0,1,1
BRDA:57,1,0,1
BRDA:57,1,1,7
BRDA:64,2,0,1
BRDA:64,2,1,6
BRDA:71,3,0,4
BRDA:71,3,1,2
BRDA:139,4,0,1
BRDA:139,4,1,14
BRDA:147,5,0,12
BRDA:147,5,1,2
BRDA:152,6,0,11
BRDA:152,6,1,1
BRDA:152,7,0,12
BRDA:152,7,1,12
BRDA:153,8,0,1
BRDA:153,8,1,10
BRDA:162,9,0,1
BRDA:162,9,1,12
BRDA:162,10,0,13
BRDA:162,10,1,3
BRDA:167,11,0,1
BRDA:167,11,1,0
BRDA:167,12,0,1
BRDA:167,12,1,1
BRDA:168,13,0,0
BRDA:168,13,1,1
BRDA:177,14,0,1
BRDA:177,14,1,12
BRDA:177,15,0,13
BRDA:177,15,1,2
BRDA:182,16,0,1
BRDA:182,16,1,0
BRDA:182,17,0,1
BRDA:182,17,1,1
BRDA:183,18,0,0
BRDA:183,18,1,1
BRDA:191,19,0,1
BRDA:191,19,1,12
BRDA:199,20,0,1
BRDA:199,20,1,11
BRDA:199,21,0,12
BRDA:199,21,1,11
BRDA:199,21,2,1
BRDA:200,22,0,1
BRDA:200,22,1,0
BRDA:203,23,0,1
BRDA:203,23,1,10
BRDA:203,24,0,11
BRDA:203,24,1,1
BRDA:216,25,0,1
BRDA:216,25,1,8
BRDA:216,26,0,9
BRDA:216,26,1,9
BRDA:226,27,0,10
BRDA:226,27,1,10
BRDA:227,28,0,10
BRDA:227,28,1,10
BRDA:236,29,0,10
BRDA:236,29,1,10
BRDA:241,30,0,10
BRDA:241,30,1,10
BRDA:250,31,0,10
BRDA:250,31,1,0
BRDA:253,32,0,4
BRDA:253,32,1,3
BRDA:254,33,0,4
BRDA:254,33,1,1
BRDA:255,34,0,4
BRDA:255,34,1,0
BRDA:258,35,0,1
BRDA:258,35,1,3
BRDA:260,36,0,1
BRDA:260,36,1,0
BRDA:260,37,0,1
BRDA:260,37,1,1
BRDA:260,38,0,1
BRDA:260,38,1,0
BRDA:261,39,0,3
BRDA:261,39,1,0
BRDA:263,40,0,3
BRDA:263,40,1,0
BRDA:263,41,0,3
BRDA:263,41,1,3
BRDA:264,42,0,1
BRDA:264,42,1,2
BRDA:268,43,0,2
BRDA:268,43,1,0
BRDA:293,44,0,8
BRDA:293,44,1,7
BRDA:321,45,0,1
BRDA:321,45,1,19
BRDA:327,46,0,1
BRDA:327,46,1,17
BRDA:333,47,0,17
BRDA:333,47,1,6
BRDA:335,48,0,10
BRDA:335,48,1,7
BRDA:338,49,0,1
BRDA:338,49,1,9
BRDA:338,50,0,10
BRDA:338,50,1,2
BRDA:338,50,2,2
BRDA:342,51,0,2
BRDA:342,51,1,7
BRDA:342,52,0,9
BRDA:342,52,1,8
BRDA:346,53,0,0
BRDA:346,53,1,7
BRDA:346,54,0,7
BRDA:346,54,1,4
BRDA:349,55,0,1
BRDA:349,55,1,6
BRDA:349,56,0,7
BRDA:349,56,1,1
BRDA:352,57,0,1
BRDA:352,57,1,5
BRDA:352,58,0,6
BRDA:352,58,1,2
BRDA:366,59,0,3
BRDA:366,59,1,9
BRDA:373,60,0,3
BRDA:373,60,1,8
BRDA:378,61,0,2
BRDA:378,61,1,8
BRDA:385,62,0,5
BRDA:385,62,1,5
BRDA:387,63,0,5
BRDA:387,63,1,0
BRDA:391,64,0,5
BRDA:391,64,1,1
BRDA:405,65,0,1
BRDA:405,65,1,9
BRDA:411,66,0,2
BRDA:411,66,1,6
BRDA:411,67,0,8
BRDA:411,67,1,8
BRDA:414,68,0,1
BRDA:414,68,1,7
BRDA:414,69,0,8
BRDA:414,69,1,8
BRDA:425,70,0,5
BRDA:425,70,1,1
BRF:144
BRH:130
end_of_record
TN:
SF:controllers\productosController.js
FN:6,(anonymous_0)
FN:17,(anonymous_1)
FN:32,(anonymous_2)
FN:44,(anonymous_3)
FN:67,(anonymous_4)
FN:98,(anonymous_5)
FN:121,(anonymous_6)
FNF:7
FNH:7
FNDA:3,(anonymous_0)
FNDA:3,(anonymous_1)
FNDA:3,(anonymous_2)
FNDA:6,(anonymous_3)
FNDA:6,(anonymous_4)
FNDA:3,(anonymous_5)
FNDA:4,(anonymous_6)
DA:6,7
DA:7,3
DA:8,3
DA:9,2
DA:11,1
DA:12,1
DA:17,7
DA:18,3
DA:19,3
DA:20,3
DA:21,2
DA:22,1
DA:24,1
DA:26,1
DA:27,1
DA:32,7
DA:33,3
DA:34,3
DA:35,3
DA:36,2
DA:38,1
DA:39,1
DA:44,7
DA:45,6
DA:46,6
DA:48,4
DA:56,4
DA:58,2
DA:59,1
DA:61,1
DA:62,1
DA:67,7
DA:68,6
DA:69,6
DA:70,1
DA:73,5
DA:74,5
DA:75,3
DA:76,1
DA:79,2
DA:87,2
DA:89,2
DA:90,1
DA:92,1
DA:93,1
DA:98,7
DA:99,3
DA:100,3
DA:101,3
DA:103,2
DA:111,2
DA:113,1
DA:114,1
DA:121,7
DA:122,4
DA:123,4
DA:124,4
DA:125,3
DA:126,1
DA:129,2
DA:137,2
DA:139,1
DA:140,1
LF:63
LH:63
BRDA:21,0,0,1
BRDA:21,0,1,1
BRDA:49,1,0,4
BRDA:49,1,1,1
BRDA:51,2,0,4
BRDA:51,2,1,1
BRDA:53,3,0,4
BRDA:53,3,1,1
BRDA:58,4,0,1
BRDA:58,4,1,1
BRDA:69,5,0,1
BRDA:69,5,1,5
BRDA:75,6,0,1
BRDA:75,6,1,2
BRDA:80,7,0,2
BRDA:80,7,1,1
BRDA:89,8,0,1
BRDA:89,8,1,1
BRDA:104,9,0,2
BRDA:104,9,1,1
BRDA:125,10,0,1
BRDA:125,10,1,2
BRDA:130,11,0,2
BRDA:130,11,1,1
BRF:24
BRH:24
end_of_record
TN:
SF:controllers\serviciosController.js
FN:7,(anonymous_0)
FN:26,(anonymous_1)
FN:45,(anonymous_2)
FN:76,(anonymous_3)
FN:108,(anonymous_4)
FN:137,(anonymous_5)
FNF:6
FNH:6
FNDA:3,(anonymous_0)
FNDA:3,(anonymous_1)
FNDA:6,(anonymous_2)
FNDA:4,(anonymous_3)
FNDA:3,(anonymous_4)
FNDA:4,(anonymous_5)
DA:7,6
DA:8,3
DA:9,3
DA:10,2
DA:15,1
DA:16,1
DA:26,6
DA:27,3
DA:28,3
DA:30,3
DA:32,2
DA:33,1
DA:36,1
DA:38,1
DA:45,6
DA:46,6
DA:47,6
DA:49,4
DA:57,4
DA:62,2
DA:63,1
DA:65,1
DA:66,1
DA:76,6
DA:77,4
DA:78,4
DA:79,4
DA:81,2
DA:89,2
DA:94,2
DA:95,1
DA:97,1
DA:98,1
DA:108,6
DA:109,3
DA:110,3
DA:111,3
DA:113,2
DA:121,2
DA:126,1
DA:127,1
DA:137,6
DA:138,4
DA:139,4
DA:140,4
DA:141,3
DA:142,1
DA:145,2
DA:153,2
DA:155,1
DA:156,1
LF:51
LH:51
BRDA:32,0,0,1
BRDA:32,0,1,1
BRDA:50,1,0,4
BRDA:50,1,1,1
BRDA:52,2,0,4
BRDA:52,2,1,1
BRDA:54,3,0,4
BRDA:54,3,1,1
BRDA:62,4,0,1
BRDA:62,4,1,1
BRDA:82,5,0,2
BRDA:82,5,1,1
BRDA:94,6,0,1
BRDA:94,6,1,1
BRDA:114,7,0,2
BRDA:114,7,1,1
BRDA:141,8,0,1
BRDA:141,8,1,2
BRDA:146,9,0,2
BRDA:146,9,1,1
BRF:20
BRH:20
end_of_record
TN:
SF:controllers\tecnicoController.js
FN:6,(anonymous_0)
FN:21,(anonymous_1)
FN:54,(anonymous_2)
FN:63,(anonymous_3)
FN:76,(anonymous_4)
FN:99,(anonymous_5)
FN:126,(anonymous_6)
FNF:7
FNH:6
FNDA:9,(anonymous_0)
FNDA:0,(anonymous_1)
FNDA:3,(anonymous_2)
FNDA:4,(anonymous_3)
FNDA:4,(anonymous_4)
FNDA:5,(anonymous_5)
FNDA:5,(anonymous_6)
DA:6,5
DA:7,9
DA:8,9
DA:9,9
DA:10,9
DA:11,9
DA:12,9
DA:13,9
DA:14,9
DA:16,9
DA:17,9
DA:21,5
DA:22,0
DA:23,0
DA:25,0
DA:26,0
DA:27,0
DA:30,0
DA:31,0
DA:32,0
DA:36,0
DA:39,0
DA:41,0
DA:49,0
DA:50,0
DA:54,5
DA:55,3
DA:56,3
DA:57,2
DA:59,1
DA:63,5
DA:64,4
DA:65,4
DA:66,4
DA:67,3
DA:68,2
DA:70,1
DA:72,1
DA:76,5
DA:77,4
DA:78,4
DA:79,4
DA:80,2
DA:82,2
DA:90,2
DA:92,2
DA:93,1
DA:95,1
DA:99,5
DA:100,5
DA:101,5
DA:102,5
DA:103,5
DA:104,3
DA:105,3
DA:106,1
DA:109,2
DA:117,2
DA:119,2
DA:120,1
DA:122,1
DA:126,5
DA:127,5
DA:128,5
DA:129,5
DA:130,4
DA:131,2
DA:133,2
DA:135,2
DA:143,2
DA:145,1
LF:71
LH:58
BRDA:8,0,0,9
BRDA:8,0,1,0
BRDA:9,1,0,0
BRDA:9,1,1,9
BRDA:10,2,0,8
BRDA:10,2,1,1
BRDA:11,3,0,0
BRDA:11,3,1,9
BRDA:12,4,0,0
BRDA:12,4,1,9
BRDA:13,5,0,3
BRDA:13,5,1,6
BRDA:14,6,0,0
BRDA:14,6,1,9
BRDA:26,7,0,0
BRDA:26,7,1,0
BRDA:31,8,0,0
BRDA:31,8,1,0
BRDA:67,9,0,2
BRDA:67,9,1,1
BRDA:67,10,0,3
BRDA:67,10,1,2
BRDA:83,11,0,2
BRDA:83,11,1,1
BRDA:92,12,0,1
BRDA:92,12,1,1
BRDA:104,13,0,3
BRDA:104,13,1,0
BRDA:105,14,0,1
BRDA:105,14,1,2
BRDA:105,15,0,3
BRDA:105,15,1,3
BRDA:110,16,0,2
BRDA:110,16,1,1
BRDA:119,17,0,1
BRDA:119,17,1,1
BRDA:130,18,0,2
BRDA:130,18,1,2
BRDA:130,19,0,4
BRDA:130,19,1,3
BRDA:136,20,0,2
BRDA:136,20,1,1
BRF:42
BRH:32
end_of_record
TN:
SF:controllers\tipoDocumentoController.js
FN:3,(anonymous_0)
FN:12,(anonymous_1)
FNF:2
FNH:2
FNDA:4,(anonymous_0)
FNDA:5,(anonymous_1)
DA:3,2
DA:4,4
DA:5,4
DA:6,2
DA:8,2
DA:12,2
DA:13,5
DA:14,5
DA:15,5
DA:17,3
DA:18,2
DA:21,1
DA:23,2
LF:13
LH:13
BRDA:17,0,0,2
BRDA:17,0,1,1
BRF:2
BRH:2
end_of_record
TN:
SF:middleware\refreshToken.js
FN:12,(anonymous_0)
FN:41,(anonymous_1)
FN:54,(anonymous_2)
FN:114,(anonymous_3)
FNF:4
FNH:0
FNDA:0,(anonymous_0)
FNDA:0,(anonymous_1)
FNDA:0,(anonymous_2)
FNDA:0,(anonymous_3)
DA:12,10
DA:13,0
DA:20,0
DA:27,0
DA:33,0
DA:41,10
DA:42,0
DA:54,10
DA:55,0
DA:57,0
DA:58,0
DA:64,0
DA:66,0
DA:69,0
DA:70,0
DA:72,0
DA:73,0
DA:80,0
DA:83,0
DA:85,0
DA:95,0
DA:97,0
DA:98,0
DA:104,0
DA:114,10
DA:115,0
DA:116,0
LF:27
LH:4
BRDA:57,0,0,0
BRDA:57,0,1,0
BRDA:72,1,0,0
BRDA:72,1,1,0
BRDA:97,2,0,0
BRDA:97,2,1,0
BRF:6
BRH:0
end_of_record
TN:
SF:models\historialModel.js
FN:5,(anonymous_0)
FN:11,(anonymous_1)
FN:20,(anonymous_2)
FN:30,(anonymous_3)
FN:55,(anonymous_4)
FN:85,(anonymous_5)
FNF:6
FNH:0
FNDA:0,(anonymous_0)
FNDA:0,(anonymous_1)
FNDA:0,(anonymous_2)
FNDA:0,(anonymous_3)
FNDA:0,(anonymous_4)
FNDA:0,(anonymous_5)
DA:3,21
DA:6,0
DA:7,0
DA:12,0
DA:16,0
DA:21,0
DA:25,0
DA:37,0
DA:39,0
DA:51,0
DA:62,0
DA:64,0
DA:81,0
DA:86,0
DA:90,0
LF:15
LH:1
BRDA:16,0,0,0
BRDA:16,0,1,0
BRDA:48,1,0,0
BRDA:48,1,1,0
BRDA:77,2,0,0
BRDA:77,2,1,0
BRF:6
BRH:0
end_of_record
TN:
SF:models\productosModel.js
FN:5,(anonymous_0)
FN:15,(anonymous_1)
FN:27,(anonymous_2)
FN:39,(anonymous_3)
FN:61,(anonymous_4)
FN:84,(anonymous_5)
FN:90,(anonymous_6)
FNF:7
FNH:0
FNDA:0,(anonymous_0)
FNDA:0,(anonymous_1)
FNDA:0,(anonymous_2)
FNDA:0,(anonymous_3)
FNDA:0,(anonymous_4)
FNDA:0,(anonymous_5)
FNDA:0,(anonymous_6)
DA:3,5
DA:6,0
DA:11,0
DA:16,0
DA:23,0
DA:28,0
DA:35,0
DA:48,0
DA:50,0
DA:57,0
DA:70,0
DA:72,0
DA:80,0
DA:85,0
DA:86,0
DA:91,0
DA:92,0
LF:17
LH:1
BRDA:54,0,0,0
BRDA:54,0,1,0
BRDA:77,1,0,0
BRDA:77,1,1,0
BRF:4
BRH:0
end_of_record
TN:
SF:models\serviciosModel.js
FN:5,(anonymous_0)
FN:15,(anonymous_1)
FN:27,(anonymous_2)
FN:39,(anonymous_3)
FN:49,(anonymous_4)
FN:59,(anonymous_5)
FN:65,(anonymous_6)
FNF:7
FNH:0
FNDA:0,(anonymous_0)
FNDA:0,(anonymous_1)
FNDA:0,(anonymous_2)
FNDA:0,(anonymous_3)
FNDA:0,(anonymous_4)
FNDA:0,(anonymous_5)
FNDA:0,(anonymous_6)
DA:3,5
DA:6,0
DA:11,0
DA:16,0
DA:23,0
DA:28,0
DA:35,0
DA:40,0
DA:41,0
DA:45,0
DA:50,0
DA:51,0
DA:55,0
DA:60,0
DA:61,0
DA:66,0
DA:67,0
LF:17
LH:1
BRF:0
BRH:0
end_of_record
TN:
SF:models\usuarioModel.js
FN:14,(anonymous_0)
FN:20,(anonymous_1)
FN:21,(anonymous_2)
FN:29,(anonymous_3)
FN:38,(anonymous_4)
FN:44,(anonymous_5)
FN:45,(anonymous_6)
FN:52,(anonymous_7)
FN:58,(anonymous_8)
FN:59,(anonymous_9)
FN:66,(anonymous_10)
FN:81,(anonymous_11)
FN:115,(anonymous_12)
FN:121,(anonymous_13)
FN:130,(anonymous_14)
FN:139,(anonymous_15)
FNF:16
FNH:1
FNDA:0,(anonymous_0)
FNDA:0,(anonymous_1)
FNDA:0,(anonymous_2)
FNDA:3,(anonymous_3)
FNDA:0,(anonymous_4)
FNDA:0,(anonymous_5)
FNDA:0,(anonymous_6)
FNDA:0,(anonymous_7)
FNDA:0,(anonymous_8)
FNDA:0,(anonymous_9)
FNDA:0,(anonymous_10)
FNDA:0,(anonymous_11)
FNDA:0,(anonymous_12)
FNDA:0,(anonymous_13)
FNDA:0,(anonymous_14)
FNDA:0,(anonymous_15)
DA:10,5
DA:12,5
DA:15,0
DA:16,0
DA:17,0
DA:18,0
DA:19,0
DA:20,0
DA:21,0
DA:24,0
DA:25,0
DA:30,3
DA:34,0
DA:39,0
DA:40,0
DA:41,0
DA:42,0
DA:44,0
DA:45,0
DA:47,0
DA:48,0
DA:53,0
DA:54,0
DA:55,0
DA:56,0
DA:58,0
DA:59,0
DA:61,0
DA:62,0
DA:67,0
DA:68,0
DA:69,0
DA:71,0
DA:77,0
DA:82,0
DA:83,0
DA:84,0
DA:87,0
DA:88,0
DA:89,0
DA:90,0
DA:91,0
DA:92,0
DA:93,0
DA:94,0
DA:95,0
DA:97,0
DA:98,0
DA:100,0
DA:101,0
DA:102,0
DA:103,0
DA:104,0
DA:107,0
DA:108,0
DA:110,0
DA:111,0
DA:116,0
DA:117,0
DA:122,0
DA:126,0
DA:131,0
DA:135,0
DA:140,0
DA:144,0
LF:65
LH:3
BRDA:14,0,0,0
BRDA:17,1,0,0
BRDA:17,1,1,0
BRDA:19,2,0,0
BRDA:19,2,1,0
BRDA:40,3,0,0
BRDA:40,3,1,0
BRDA:42,4,0,0
BRDA:42,4,1,0
BRDA:54,5,0,0
BRDA:54,5,1,0
BRDA:56,6,0,0
BRDA:56,6,1,0
BRDA:83,7,0,0
BRDA:83,7,1,0
BRDA:87,8,0,0
BRDA:87,8,1,0
BRDA:88,9,0,0
BRDA:88,9,1,0
BRDA:89,10,0,0
BRDA:89,10,1,0
BRDA:90,11,0,0
BRDA:90,11,1,0
BRDA:91,12,0,0
BRDA:91,12,1,0
BRDA:92,13,0,0
BRDA:92,13,1,0
BRDA:93,14,0,0
BRDA:93,14,1,0
BRDA:94,15,0,0
BRDA:94,15,1,0
BRDA:95,16,0,0
BRDA:95,16,1,0
BRDA:100,17,0,0
BRDA:100,17,1,0
BRF:35
BRH:0
end_of_record
TN:
SF:utils\historyLogger.js
FN:11,(anonymous_0)
FNF:1
FNH:0
FNDA:0,(anonymous_0)
DA:11,21
DA:12,0
DA:13,0
DA:21,0
LF:4
LH:1
BRDA:14,0,0,0
BRDA:14,0,1,0
BRF:2
BRH:0
end_of_record
TN:
SF:utils\mailer.js
FN:21,(anonymous_0)
FN:63,(anonymous_1)
FNF:2
FNH:0
FNDA:0,(anonymous_0)
FNDA:0,(anonymous_1)
DA:3,5
DA:6,5
DA:21,5
DA:22,0
DA:23,0
DA:25,0
DA:47,0
DA:48,0
DA:49,0
DA:50,0
DA:52,0
DA:53,0
DA:63,5
DA:64,0
DA:65,0
DA:67,0
DA:68,0
DA:69,0
DA:71,0
DA:77,0
DA:78,0
DA:87,0
DA:94,0
DA:96,0
DA:103,0
DA:104,0
DA:105,0
DA:106,0
DA:108,0
DA:109,0
LF:30
LH:4
BRDA:7,0,0,5
BRDA:7,0,1,0
BRDA:8,1,0,5
BRDA:8,1,1,0
BRDA:11,2,0,5
BRDA:11,2,1,0
BRDA:12,3,0,5
BRDA:12,3,1,0
BRDA:22,4,0,0
BRDA:22,4,1,0
BRDA:26,5,0,0
BRDA:26,5,1,0
BRDA:63,6,0,0
BRDA:64,7,0,0
BRDA:64,7,1,0
BRDA:68,8,0,0
BRDA:68,8,1,0
BRDA:69,9,0,0
BRDA:69,9,1,0
BRDA:77,10,0,0
BRDA:77,10,1,0
BRDA:89,11,0,0
BRDA:89,11,1,0
BRDA:97,12,0,0
BRDA:97,12,1,0
BRF:25
BRH:4
end_of_record
